FD limit at: 65535
2015-06-06 10:53:49.895 [1;32mMessage Loop Warning [1;34mmessage loop in polling mode will cause 2000 context switches per second due to polling on sources FrequencyCapAugmentor::palEvents[0m
2015-06-06 10:53:49.895 [1;32mMessage Loop Warning [1;34mmessage loop in polling mode will cause 2000 context switches per second due to polling on sources [0m
2015-06-06 10:53:49.900 [1;32mZMQ [1;34mconnecting to agentConfigurationService/listen[0m
wexists handler returned -101
2. returning result 
2015-06-06 10:53:49.952 [1;32mZMQ [1;34mconnecting to agentConfigurationService/listen[0m
2015-06-06 10:53:49.954 [1;32mZMQ [1;34mconnected to tcp://127.0.0.1:19000[0m
got configuration message fixed-price-agent-ex_2874
2015-06-06 10:53:49.984 [1;32mMessage Loop Warning [1;34mmessage loop in polling mode will cause 2000 context switches per second due to polling on sources [0m
2015-06-06 10:53:49.984 [1;32mMessage Loop Warning [1;34mmessage loop in polling mode will cause 2000 context switches per second due to polling on sources ZmqNamedSocket::socket[0m
wexists handler returned -101
2. returning result 
warning: could not connect to PostAuctionLoop/logger immediately
2015-06-06 10:53:50.019 [1;32mZMQ Trace [1;34mconnecting to router.augmentationLoop / router.augmentationLoop[0m
2015-06-06 10:53:50.019 [1;32mZMQ [1;34mconnecting to router.augmentationLoop/augmentors[0m
wexists handler returned -101
2. returning result 
2015-06-06 10:53:50.028 [1;32mZMQ [1;34mconnecting to router.augmentationLoop/augmentors[0m
2015-06-06 10:53:50.034 [1;32mZMQ [1;34mconnecting to router.augmentationLoop/augmentors[0m
2015-06-06 10:53:50.038 [1;32mZMQ [1;34mconnected to tcp://127.0.0.1:18000[0m
