FD limit too low: 10240/10240 smaller than recommended 65535
FD limit raised to: 10240
 redisUri=localhost:6379
2015-06-05 13:38:38.183 [1;32mMasterBanker [1;34msuccessfully loaded accounts[0m
bound tcp for http port 9985
master banker is listening on tcp://*:22000,http://0.0.0.0:9985
2015-06-05 13:38:38.210 [1;32mMessage Loop Warning [1;34mmessage loop in polling mode will cause 2000 context switches per second due to polling on sources ZmqNamedEndpoint::socket[0m
serviceClass/rtbAgentConfiguration/agentConfigurationService --> {"serviceLocation":"mtl","serviceName":"agentConfigurationService","servicePath":"agentConfigurationService"}
serviceClass/monitor/monitor --> {"serviceLocation":"mtl","serviceName":"monitor","servicePath":"monitor"}
serviceClass/adServer/adserver --> {"serviceLocation":"mtl","serviceName":"adserver","servicePath":"adserver"}
serviceClass/rtbBanker/masterBanker --> {"serviceLocation":"mtl","serviceName":"masterBanker","servicePath":"masterBanker"}
monitor/http/tcp --> [{"httpUri":"http://127.0.0.1:9987","transports":[{"addr":"127.0.0.1","hostScope":"ubuntu-virtual-machine","name":"tcp","port":9987},{"name":"http","uri":"http://127.0.0.1:9987"}]},{"httpUri":"http://192.168.26.23:9987","transports":[{"addr":"192.168.26.23","hostScope":"*","name":"tcp","port":9987},{"name":"http","uri":"http://192.168.26.23:9987"}]}]
monitor/zeromq/tcp --> [{"transports":[{"addr":"127.0.0.1","hostScope":"ubuntu-virtual-machine","name":"tcp","port":24000},{"name":"zeromq","socketType":6,"uri":"tcp://127.0.0.1:24000"}],"zmqConnectUri":"tcp://127.0.0.1:24000"},{"transports":[{"addr":"192.168.26.23","hostScope":"*","name":"tcp","port":24000},{"name":"zeromq","socketType":6,"uri":"tcp://ubuntu-virtual-machine:24000"}],"zmqConnectUri":"tcp://ubuntu-virtual-machine:24000"}]
masterBanker/http/tcp --> [{"httpUri":"http://127.0.0.1:9985","transports":[{"addr":"127.0.0.1","hostScope":"ubuntu-virtual-machine","name":"tcp","port":9985},{"name":"http","uri":"http://127.0.0.1:9985"}]},{"httpUri":"http://192.168.26.23:9985","transports":[{"addr":"192.168.26.23","hostScope":"*","name":"tcp","port":9985},{"name":"http","uri":"http://192.168.26.23:9985"}]}]
masterBanker/zeromq/tcp --> [{"transports":[{"addr":"127.0.0.1","hostScope":"ubuntu-virtual-machine","name":"tcp","port":22000},{"name":"zeromq","socketType":6,"uri":"tcp://127.0.0.1:22000"}],"zmqConnectUri":"tcp://127.0.0.1:22000"},{"transports":[{"addr":"192.168.26.23","hostScope":"*","name":"tcp","port":22000},{"name":"zeromq","socketType":6,"uri":"tcp://ubuntu-virtual-machine:22000"}],"zmqConnectUri":"tcp://ubuntu-virtual-machine:22000"}]
agentConfigurationService/rest/http/tcp --> [{"httpUri":"http://127.0.0.1:9986","transports":[{"addr":"127.0.0.1","hostScope":"ubuntu-virtual-machine","name":"tcp","port":9986},{"name":"http","uri":"http://127.0.0.1:9986"}]},{"httpUri":"http://192.168.26.23:9986","transports":[{"addr":"192.168.26.23","hostScope":"*","name":"tcp","port":9986},{"name":"http","uri":"http://192.168.26.23:9986"}]}]
agentConfigurationService/rest/zeromq/tcp --> [{"transports":[{"addr":"127.0.0.1","hostScope":"ubuntu-virtual-machine","name":"tcp","port":23000},{"name":"zeromq","socketType":6,"uri":"tcp://127.0.0.1:23000"}],"zmqConnectUri":"tcp://127.0.0.1:23000"},{"transports":[{"addr":"192.168.26.23","hostScope":"*","name":"tcp","port":23000},{"name":"zeromq","socketType":6,"uri":"tcp://ubuntu-virtual-machine:23000"}],"zmqConnectUri":"tcp://ubuntu-virtual-machine:23000"}]
agentConfigurationService/listen/tcp --> [{"transports":[{"addr":"127.0.0.1","hostScope":"ubuntu-virtual-machine","name":"tcp","port":19000},{"name":"zeromq","socketType":6,"uri":"tcp://127.0.0.1:19000"}],"zmqConnectUri":"tcp://127.0.0.1:19000"},{"transports":[{"addr":"192.168.26.23","hostScope":"*","name":"tcp","port":19000},{"name":"zeromq","socketType":6,"uri":"tcp://ubuntu-virtual-machine:19000"}],"zmqConnectUri":"tcp://ubuntu-virtual-machine:19000"}]
agentConfigurationService/agents/tcp --> [{"transports":[{"addr":"127.0.0.1","hostScope":"ubuntu-virtual-machine","name":"tcp","port":15000},{"name":"zeromq","socketType":6,"uri":"tcp://127.0.0.1:15000"}],"zmqConnectUri":"tcp://127.0.0.1:15000"},{"transports":[{"addr":"192.168.26.23","hostScope":"*","name":"tcp","port":15000},{"name":"zeromq","socketType":6,"uri":"tcp://ubuntu-virtual-machine:15000"}],"zmqConnectUri":"tcp://ubuntu-virtual-machine:15000"}]
adserver/logger/tcp --> [{"transports":[{"addr":"127.0.0.1","hostScope":"ubuntu-virtual-machine","name":"tcp","port":25000},{"name":"zeromq","socketType":9,"uri":"tcp://127.0.0.1:25000"}],"zmqConnectUri":"tcp://127.0.0.1:25000"},{"transports":[{"addr":"192.168.26.23","hostScope":"*","name":"tcp","port":25000},{"name":"zeromq","socketType":9,"uri":"tcp://ubuntu-virtual-machine:25000"}],"zmqConnectUri":"tcp://ubuntu-virtual-machine:25000"}]
2015-06-05 13:38:48.186 [1;32mMasterBanker Trace [1;34m
Latency report for save state
- inPhase1TimeMs: 0
- redisPhase1TimeMs: 0
- totalTimeMs: 0
[0m
2015-06-05 13:38:48.186 [1;32mMasterBanker Trace [1;34m
Latency report for save state
- inPhase1TimeMs: 0
- redisPhase1TimeMs: 0
- totalTimeMs: 0
[0m
2015-06-05 13:38:58.188 [1;32mMasterBanker Trace [1;34m
Latency report for save state
- inPhase1TimeMs: 0
- redisPhase1TimeMs: 0
- totalTimeMs: 0
[0m
2015-06-05 13:38:58.188 [1;32mMasterBanker Trace [1;34m
Latency report for save state
- inPhase1TimeMs: 0
- redisPhase1TimeMs: 0
- totalTimeMs: 0
[0m
2015-06-05 13:39:08.189 [1;32mMasterBanker Trace [1;34m
Latency report for save state
- inPhase1TimeMs: 0
- redisPhase1TimeMs: 0
- totalTimeMs: 0
[0m
2015-06-05 13:39:08.189 [1;32mMasterBanker Trace [1;34m
Latency report for save state
- inPhase1TimeMs: 0
- redisPhase1TimeMs: 0
- totalTimeMs: 0
[0m
2015-06-05 13:39:18.186 [1;32mMasterBanker Trace [1;34m
Latency report for save state
- inPhase1TimeMs: 0
- redisPhase1TimeMs: 0
- totalTimeMs: 0
[0m
2015-06-05 13:39:18.186 [1;32mMasterBanker Trace [1;34m
Latency report for save state
- inPhase1TimeMs: 0
- redisPhase1TimeMs: 0
- totalTimeMs: 0
[0m
2015-06-05 13:39:28.186 [1;32mMasterBanker Trace [1;34m
Latency report for save state
- inPhase1TimeMs: 0
- redisPhase1TimeMs: 0
- totalTimeMs: 1
[0m
2015-06-05 13:39:28.186 [1;32mMasterBanker Trace [1;34m
Latency report for save state
- inPhase1TimeMs: 0
- redisPhase1TimeMs: 0
- totalTimeMs: 1
[0m
2015-06-05 13:39:38.188 [1;32mMasterBanker Trace [1;34m
Latency report for save state
- inPhase1TimeMs: 0
- redisPhase1TimeMs: 0
- totalTimeMs: 0
[0m
2015-06-05 13:39:38.188 [1;32mMasterBanker Trace [1;34m
Latency report for save state
- inPhase1TimeMs: 0
- redisPhase1TimeMs: 0
- totalTimeMs: 0
[0m
2015-06-05 13:39:48.188 [1;32mMasterBanker Trace [1;34m
Latency report for save state
- inPhase1TimeMs: 0
- redisPhase1TimeMs: 0
- totalTimeMs: 0
[0m
2015-06-05 13:39:48.188 [1;32mMasterBanker Trace [1;34m
Latency report for save state
- inPhase1TimeMs: 0
- redisPhase1TimeMs: 0
- totalTimeMs: 0
[0m
2015-06-05 13:39:58.185 [1;32mMasterBanker Trace [1;34m
Latency report for save state
- inPhase1TimeMs: 0
- redisPhase1TimeMs: 0
- totalTimeMs: 0
[0m
2015-06-05 13:39:58.186 [1;32mMasterBanker Trace [1;34m
Latency report for save state
- inPhase1TimeMs: 0
- redisPhase1TimeMs: 0
- totalTimeMs: 0
[0m
2015-06-05 13:40:08.188 [1;32mMasterBanker Trace [1;34m
Latency report for save state
- inPhase1TimeMs: 0
- redisPhase1TimeMs: 0
- totalTimeMs: 0
[0m
2015-06-05 13:40:08.188 [1;32mMasterBanker Trace [1;34m
Latency report for save state
- inPhase1TimeMs: 0
- redisPhase1TimeMs: 0
- totalTimeMs: 0
[0m
2015-06-05 13:40:18.185 [1;32mMasterBanker Trace [1;34m
Latency report for save state
- inPhase1TimeMs: 0
- redisPhase1TimeMs: 0
- totalTimeMs: 0
[0m
2015-06-05 13:40:18.185 [1;32mMasterBanker Trace [1;34m
Latency report for save state
- inPhase1TimeMs: 0
- redisPhase1TimeMs: 0
- totalTimeMs: 0
[0m
2015-06-05 13:40:28.186 [1;32mMasterBanker Trace [1;34m
Latency report for save state
- inPhase1TimeMs: 0
- redisPhase1TimeMs: 0
- totalTimeMs: 0
[0m
2015-06-05 13:40:28.187 [1;32mMasterBanker Trace [1;34m
Latency report for save state
- inPhase1TimeMs: 0
- redisPhase1TimeMs: 0
- totalTimeMs: 0
[0m
2015-06-05 13:40:38.188 [1;32mMasterBanker Trace [1;34m
Latency report for save state
- inPhase1TimeMs: 0
- redisPhase1TimeMs: 0
- totalTimeMs: 0
[0m
2015-06-05 13:40:38.188 [1;32mMasterBanker Trace [1;34m
Latency report for save state
- inPhase1TimeMs: 0
- redisPhase1TimeMs: 0
- totalTimeMs: 0
[0m
2015-06-05 13:40:48.187 [1;32mMasterBanker Trace [1;34m
Latency report for save state
- inPhase1TimeMs: 0
- redisPhase1TimeMs: 0
- totalTimeMs: 0
[0m
2015-06-05 13:40:48.187 [1;32mMasterBanker Trace [1;34m
Latency report for save state
- inPhase1TimeMs: 0
- redisPhase1TimeMs: 0
- totalTimeMs: 0
[0m
2015-06-05 13:40:58.185 [1;32mMasterBanker Trace [1;34m
Latency report for save state
- inPhase1TimeMs: 0
- redisPhase1TimeMs: 0
- totalTimeMs: 0
[0m
2015-06-05 13:40:58.185 [1;32mMasterBanker Trace [1;34m
Latency report for save state
- inPhase1TimeMs: 0
- redisPhase1TimeMs: 0
- totalTimeMs: 0
[0m
2015-06-05 13:41:08.188 [1;32mMasterBanker Trace [1;34m
Latency report for save state
- inPhase1TimeMs: 0
- redisPhase1TimeMs: 0
- totalTimeMs: 0
[0m
2015-06-05 13:41:08.188 [1;32mMasterBanker Trace [1;34m
Latency report for save state
- inPhase1TimeMs: 0
- redisPhase1TimeMs: 0
- totalTimeMs: 0
[0m
2015-06-05 13:41:18.185 [1;32mMasterBanker Trace [1;34m
Latency report for save state
- inPhase1TimeMs: 0
- redisPhase1TimeMs: 0
- totalTimeMs: 0
[0m
2015-06-05 13:41:18.185 [1;32mMasterBanker Trace [1;34m
Latency report for save state
- inPhase1TimeMs: 0
- redisPhase1TimeMs: 0
- totalTimeMs: 0
[0m
2015-06-05 13:41:28.188 [1;32mMasterBanker Trace [1;34m
Latency report for save state
- inPhase1TimeMs: 0
- redisPhase1TimeMs: 0
- totalTimeMs: 0
[0m
2015-06-05 13:41:28.188 [1;32mMasterBanker Trace [1;34m
Latency report for save state
- inPhase1TimeMs: 0
- redisPhase1TimeMs: 0
- totalTimeMs: 0
[0m
2015-06-05 13:41:38.187 [1;32mMasterBanker Trace [1;34m
Latency report for save state
- inPhase1TimeMs: 0
- redisPhase1TimeMs: 0
- totalTimeMs: 0
[0m
2015-06-05 13:41:38.187 [1;32mMasterBanker Trace [1;34m
Latency report for save state
- inPhase1TimeMs: 0
- redisPhase1TimeMs: 0
- totalTimeMs: 0
[0m
2015-06-05 13:41:48.188 [1;32mMasterBanker Trace [1;34m
Latency report for save state
- inPhase1TimeMs: 0
- redisPhase1TimeMs: 0
- totalTimeMs: 0
[0m
2015-06-05 13:41:48.188 [1;32mMasterBanker Trace [1;34m
Latency report for save state
- inPhase1TimeMs: 0
- redisPhase1TimeMs: 0
- totalTimeMs: 0
[0m
2015-06-05 13:41:58.184 [1;32mMasterBanker Trace [1;34m
Latency report for save state
- inPhase1TimeMs: 0
- redisPhase1TimeMs: 0
- totalTimeMs: 0
[0m
2015-06-05 13:41:58.185 [1;32mMasterBanker Trace [1;34m
Latency report for save state
- inPhase1TimeMs: 0
- redisPhase1TimeMs: 0
- totalTimeMs: 0
[0m
2015-06-05 13:42:08.187 [1;32mMasterBanker Trace [1;34m
Latency report for save state
- inPhase1TimeMs: 0
- redisPhase1TimeMs: 0
- totalTimeMs: 0
[0m
2015-06-05 13:42:08.187 [1;32mMasterBanker Trace [1;34m
Latency report for save state
- inPhase1TimeMs: 0
- redisPhase1TimeMs: 0
- totalTimeMs: 0
[0m
2015-06-05 13:42:18.186 [1;32mMasterBanker Trace [1;34m
Latency report for save state
- inPhase1TimeMs: 0
- redisPhase1TimeMs: 0
- totalTimeMs: 0
[0m
2015-06-05 13:42:18.187 [1;32mMasterBanker Trace [1;34m
Latency report for save state
- inPhase1TimeMs: 0
- redisPhase1TimeMs: 0
- totalTimeMs: 0
[0m
2015-06-05 13:42:28.185 [1;32mMasterBanker Trace [1;34m
Latency report for save state
- inPhase1TimeMs: 0
- redisPhase1TimeMs: 0
- totalTimeMs: 0
[0m
2015-06-05 13:42:28.185 [1;32mMasterBanker Trace [1;34m
Latency report for save state
- inPhase1TimeMs: 0
- redisPhase1TimeMs: 0
- totalTimeMs: 0
[0m
2015-06-05 13:42:38.187 [1;32mMasterBanker Trace [1;34m
Latency report for save state
- inPhase1TimeMs: 0
- redisPhase1TimeMs: 0
- totalTimeMs: 0
[0m
2015-06-05 13:42:38.187 [1;32mMasterBanker Trace [1;34m
Latency report for save state
- inPhase1TimeMs: 0
- redisPhase1TimeMs: 0
- totalTimeMs: 0
[0m
2015-06-05 13:42:48.185 [1;32mMasterBanker Trace [1;34m
Latency report for save state
- inPhase1TimeMs: 0
- redisPhase1TimeMs: 0
- totalTimeMs: 0
[0m
2015-06-05 13:42:48.185 [1;32mMasterBanker Trace [1;34m
Latency report for save state
- inPhase1TimeMs: 0
- redisPhase1TimeMs: 0
- totalTimeMs: 0
[0m
2015-06-05 13:42:58.188 [1;32mMasterBanker Trace [1;34m
Latency report for save state
- inPhase1TimeMs: 0
- redisPhase1TimeMs: 0
- totalTimeMs: 0
[0m
2015-06-05 13:42:58.188 [1;32mMasterBanker Trace [1;34m
Latency report for save state
- inPhase1TimeMs: 0
- redisPhase1TimeMs: 0
- totalTimeMs: 0
[0m
2015-06-05 13:43:08.189 [1;32mMasterBanker Trace [1;34m
Latency report for save state
- inPhase1TimeMs: 0
- redisPhase1TimeMs: 0
- totalTimeMs: 0
[0m
2015-06-05 13:43:08.189 [1;32mMasterBanker Trace [1;34m
Latency report for save state
- inPhase1TimeMs: 0
- redisPhase1TimeMs: 0
- totalTimeMs: 0
[0m
2015-06-05 13:43:18.185 [1;32mMasterBanker Trace [1;34m
Latency report for save state
- inPhase1TimeMs: 0
- redisPhase1TimeMs: 0
- totalTimeMs: 0
[0m
2015-06-05 13:43:18.185 [1;32mMasterBanker Trace [1;34m
Latency report for save state
- inPhase1TimeMs: 0
- redisPhase1TimeMs: 0
- totalTimeMs: 0
[0m
2015-06-05 13:43:28.188 [1;32mMasterBanker Trace [1;34m
Latency report for save state
- inPhase1TimeMs: 0
- redisPhase1TimeMs: 0
- totalTimeMs: 0
[0m
2015-06-05 13:43:28.188 [1;32mMasterBanker Trace [1;34m
Latency report for save state
- inPhase1TimeMs: 0
- redisPhase1TimeMs: 0
- totalTimeMs: 0
[0m
2015-06-05 13:43:38.187 [1;32mMasterBanker Trace [1;34m
Latency report for save state
- inPhase1TimeMs: 0
- redisPhase1TimeMs: 0
- totalTimeMs: 0
[0m
2015-06-05 13:43:38.187 [1;32mMasterBanker Trace [1;34m
Latency report for save state
- inPhase1TimeMs: 0
- redisPhase1TimeMs: 0
- totalTimeMs: 0
[0m
2015-06-05 13:43:48.186 [1;32mMasterBanker Trace [1;34m
Latency report for save state
- inPhase1TimeMs: 0
- redisPhase1TimeMs: 0
- totalTimeMs: 0
[0m
2015-06-05 13:43:48.186 [1;32mMasterBanker Trace [1;34m
Latency report for save state
- inPhase1TimeMs: 0
- redisPhase1TimeMs: 0
- totalTimeMs: 0
[0m
2015-06-05 13:43:58.186 [1;32mMasterBanker Trace [1;34m
Latency report for save state
- inPhase1TimeMs: 0
- redisPhase1TimeMs: 0
- totalTimeMs: 0
[0m
2015-06-05 13:43:58.187 [1;32mMasterBanker Trace [1;34m
Latency report for save state
- inPhase1TimeMs: 0
- redisPhase1TimeMs: 0
- totalTimeMs: 0
[0m
2015-06-05 13:44:08.185 [1;32mMasterBanker Trace [1;34m
Latency report for save state
- inPhase1TimeMs: 0
- redisPhase1TimeMs: 0
- totalTimeMs: 0
[0m
2015-06-05 13:44:08.186 [1;32mMasterBanker Trace [1;34m
Latency report for save state
- inPhase1TimeMs: 0
- redisPhase1TimeMs: 0
- totalTimeMs: 0
[0m
2015-06-05 13:44:18.186 [1;32mMasterBanker Trace [1;34m
Latency report for save state
- inPhase1TimeMs: 0
- redisPhase1TimeMs: 0
- totalTimeMs: 0
[0m
2015-06-05 13:44:18.186 [1;32mMasterBanker Trace [1;34m
Latency report for save state
- inPhase1TimeMs: 0
- redisPhase1TimeMs: 0
- totalTimeMs: 0
[0m
2015-06-05 13:44:28.186 [1;32mMasterBanker Trace [1;34m
Latency report for save state
- inPhase1TimeMs: 0
- redisPhase1TimeMs: 0
- totalTimeMs: 1
[0m
2015-06-05 13:44:28.186 [1;32mMasterBanker Trace [1;34m
Latency report for save state
- inPhase1TimeMs: 0
- redisPhase1TimeMs: 0
- totalTimeMs: 1
[0m
2015-06-05 13:44:38.188 [1;32mMasterBanker Trace [1;34m
Latency report for save state
- inPhase1TimeMs: 0
- redisPhase1TimeMs: 0
- totalTimeMs: 0
[0m
2015-06-05 13:44:38.188 [1;32mMasterBanker Trace [1;34m
Latency report for save state
- inPhase1TimeMs: 0
- redisPhase1TimeMs: 0
- totalTimeMs: 0
[0m
2015-06-05 13:44:48.187 [1;32mMasterBanker Trace [1;34m
Latency report for save state
- inPhase1TimeMs: 0
- redisPhase1TimeMs: 0
- totalTimeMs: 0
[0m
2015-06-05 13:44:48.187 [1;32mMasterBanker Trace [1;34m
Latency report for save state
- inPhase1TimeMs: 0
- redisPhase1TimeMs: 0
- totalTimeMs: 0
[0m
2015-06-05 13:44:58.188 [1;32mMasterBanker Trace [1;34m
Latency report for save state
- inPhase1TimeMs: 0
- redisPhase1TimeMs: 0
- totalTimeMs: 0
[0m
2015-06-05 13:44:58.188 [1;32mMasterBanker Trace [1;34m
Latency report for save state
- inPhase1TimeMs: 0
- redisPhase1TimeMs: 0
- totalTimeMs: 0
[0m
2015-06-05 13:45:08.188 [1;32mMasterBanker Trace [1;34m
Latency report for save state
- inPhase1TimeMs: 0
- redisPhase1TimeMs: 0
- totalTimeMs: 0
[0m
2015-06-05 13:45:08.188 [1;32mMasterBanker Trace [1;34m
Latency report for save state
- inPhase1TimeMs: 0
- redisPhase1TimeMs: 0
- totalTimeMs: 0
[0m
