FD limit at: 65535
2015-06-06 10:09:46.876 [1;32mZMQ [1;34mconnecting to monitor/zeromq[0m
2015-06-06 10:09:46.877 [1;32mZMQ [1;34mconnected to tcp://127.0.0.1:24000[0m
file ./logs/data//2015-06-06/errors-2015-06-06-03:00:00.log exists; disambiguating
opening file ./logs/data//2015-06-06/errors-2015-06-06-03:00:00.1.log with append 0

--------------------------[Exception thrown]---------------------------
time:   2015-06-06T03:09:46Z
type:   ML::Exception
pid:    11228; tid: 11303
what:   open of ./logs/data//2015-06-06/errors-2015-06-06-03:00:00.log: Permission denied
stack:
00: 0x0x7fc9870b7ecb at __cxa_throw + 0xbb in /home/ubuntu/rtbkit/build/x86_64/bin/../bin/libexception_hook.so + 0xecb/home/ubuntu/rtbkit/build/x86_64/bin/../bin/libexception_hook.so(__cxa_throw+0xbb) [0x7fc9870b7ecb]
01: 0x0x7fc9850e78da at Datacratic::FileSink::open(std::string const&, bool, bool) + 0x81a in /home/ubuntu/rtbkit/build/x86_64/bin/../bin/liblogger.so + 0x678da/home/ubuntu/rtbkit/build/x86_64/bin/../bin/liblogger.so(_ZN10Datacratic8FileSink4openERKSsbb+0x81a) [0x7fc9850e78da]
02: 0x0x7fc9850e7983 at Datacratic::FileSink::FileSink(std::string const&, bool, bool) + 0x83 in /home/ubuntu/rtbkit/build/x86_64/bin/../bin/liblogger.so + 0x67983/home/ubuntu/rtbkit/build/x86_64/bin/../bin/liblogger.so(_ZN10Datacratic8FileSinkC1ERKSsbb+0x83) [0x7fc9850e7983]
03: 0x0x7fc9850e7a43 at Datacratic::FileOutput::createSink(std::string const&, bool) + 0xa3 in /home/ubuntu/rtbkit/build/x86_64/bin/../bin/liblogger.so + 0x67a43/home/ubuntu/rtbkit/build/x86_64/bin/../bin/liblogger.so(_ZN10Datacratic10FileOutput10createSinkERKSsb+0xa3) [0x7fc9850e7a43]
04: 0x0x7fc9850e8003 at Datacratic::NamedOutput::switchFile(std::string const&, std::string const&, int) + 0x123 in /home/ubuntu/rtbkit/build/x86_64/bin/../bin/liblogger.so + 0x68003/home/ubuntu/rtbkit/build/x86_64/bin/../bin/liblogger.so(_ZN10Datacratic11NamedOutput10switchFileERKSsS2_i+0x123) [0x7fc9850e8003]
05: 0x0x7fc9850e829b at Datacratic::NamedOutput::open(std::string const&, std::string const&, int) + 0x3b in /home/ubuntu/rtbkit/build/x86_64/bin/../bin/liblogger.so + 0x6829b/home/ubuntu/rtbkit/build/x86_64/bin/../bin/liblogger.so(_ZN10Datacratic11NamedOutput4openERKSsS2_i+0x3b) [0x7fc9850e829b]
06: 0x0x7fc9850e8a36 at Datacratic::RotatingFileOutput::createFile(std::string const&) + 0x486 in /home/ubuntu/rtbkit/build/x86_64/bin/../bin/liblogger.so + 0x68a36/home/ubuntu/rtbkit/build/x86_64/bin/../bin/liblogger.so(_ZN10Datacratic18RotatingFileOutput10createFileERKSs+0x486) [0x7fc9850e8a36]
07: 0x0x7fc9851038d3 at Datacratic::RotatingOutputAdaptor::openSubordinate(Datacratic::Date) + 0x93 in /home/ubuntu/rtbkit/build/x86_64/bin/../bin/liblogger.so + 0x838d3/home/ubuntu/rtbkit/build/x86_64/bin/../bin/liblogger.so(_ZN10Datacratic21RotatingOutputAdaptor15openSubordinateENS_4DateE+0x93) [0x7fc9851038d3]
08: 0x0x7fc9851023df at Datacratic::RotatingOutput::runRotateThread() + 0x1f in /home/ubuntu/rtbkit/build/x86_64/bin/../bin/liblogger.so + 0x823df/home/ubuntu/rtbkit/build/x86_64/bin/../bin/liblogger.so(_ZN10Datacratic14RotatingOutput15runRotateThreadEv+0x1f) [0x7fc9851023df]
09: 0x0x7fc984e6f2aa in /usr/local/lib/libboost_thread.so.1.57.0 + 0x112aa/usr/local/lib/libboost_thread.so.1.57.0(+0x112aa) [0x7fc984e6f2aa]
10: 0x0x7fc9872c1e9a in /lib/x86_64-linux-gnu/libpthread.so.0 + 0x7e9a/lib/x86_64-linux-gnu/libpthread.so.0(+0x7e9a) [0x7fc9872c1e9a]
11: 0x0x7fc98591338d at clone + 0x6d in /lib/x86_64-linux-gnu/libc.so.6 + 0xf338d/lib/x86_64-linux-gnu/libc.so.6(clone+0x6d) [0x7fc98591338d]

terminate called after throwing an instance of 'ML::Exception'
  what():  open of ./logs/data//2015-06-06/errors-2015-06-06-03:00:00.log: Permission denied
