FD limit too low: 10240/10240 smaller than recommended 65535
FD limit raised to: 10240
2015-06-05 15:41:26.010 [1;32mZMQ [1;34mconnecting to monitor/zeromq[0m
wexists handler returned -101
2. returning result 
2015-06-05 15:41:26.029 [1;32mZMQ [1;34mconnecting to monitor/zeromq[0m
file ./logs/data//2015-06-05/errors-2015-06-05-08:00:00.log exists; disambiguating
opening file ./logs/data//2015-06-05/errors-2015-06-05-08:00:00.1.log with append 0
2015-06-05 15:41:26.033 [1;32mZMQ [1;34mconnected to tcp://127.0.0.1:24000[0m
  0 ./logs/data//%F/ -1
  2  16
  0 / -1
  2  4
  0 / -1
  1  -1
  0 -%T.log.gz -1
  0 ./logs/data//%F/ -1
  2  9
  0 / -1
  2  10
  0 / -1
  1  -1
  0 -%T.log.gz -1
2015-06-05 15:41:26.035 [1;32mMessage Loop Warning [1;34mmessage loop in polling mode will cause 2000 context switches per second due to polling on sources [0m
2015-06-05 15:41:26.036 [1;32mMessage Loop Warning [1;34mmessage loop in polling mode will cause 2000 context switches per second due to polling on sources [0m
2015-06-05 15:41:26.039 [1;32mMessage Loop Warning [1;34mmessage loop in polling mode will cause 2000 context switches per second due to polling on sources ZmqNamedSocket::socket[0m
2015-06-05 15:41:26.180 [1;32mMessage Loop Warning [1;34mmessage loop in polling mode will cause 2000 context switches per second due to polling on sources serviceClass/adServer/adserver[0m
2015-06-05 15:41:26.180 [1;32mMessage Loop Warning [1;34mmessage loop in polling mode will cause 2000 context switches per second due to polling on sources ZmqNamedSocket::socket[0m
wexists handler returned -101
2. returning result 
warning: could not connect to router/logger immediately
2015-06-05 15:41:26.183 [1;32mMessage Loop Warning [1;34mmessage loop in polling mode will cause 2000 context switches per second due to polling on sources serviceClass/adServer/adserver, serviceClass/rtbRequestRouter/router[0m
2015-06-05 15:41:26.183 [1;32mMessage Loop Warning [1;34mmessage loop in polling mode will cause 2000 context switches per second due to polling on sources ZmqNamedSocket::socket[0m
wexists handler returned -101
2. returning result 
warning: could not connect to PostAuctionLoop/logger immediately
warning: could not connect to router/logger immediately
