FD limit too low: 10240/10240 smaller than recommended 65535
FD limit raised to: 10240
2015-06-05 22:27:51.001 [1;32mZMQ [1;34mconnecting to monitor/zeromq[0m
2015-06-05 22:27:51.004 [1;32mZMQ [1;34mconnected to tcp://127.0.0.1:24000[0m
file ./logs/data//2015-06-05/errors-2015-06-05-15:00:00.log exists; disambiguating
opening file ./logs/data//2015-06-05/errors-2015-06-05-15:00:00.1.log with append 0
  0 ./logs/data//%F/ -1
  2  16
  0 / -1
  2  4
  0 / -1
  1  -1
  0 -%T.log.gz -1
  0 ./logs/data//%F/ -1
  2  9
  0 / -1
  2  10
  0 / -1
  1  -1
  0 -%T.log.gz -1
2015-06-05 22:27:51.011 [1;32mMessage Loop Warning [1;34mmessage loop in polling mode will cause 2000 context switches per second due to polling on sources [0m
2015-06-05 22:27:51.014 [1;32mMessage Loop Warning [1;34mmessage loop in polling mode will cause 2000 context switches per second due to polling on sources [0m
2015-06-05 22:27:51.016 [1;32mMessage Loop Warning [1;34mmessage loop in polling mode will cause 2000 context switches per second due to polling on sources ZmqNamedSocket::socket[0m
2015-06-05 22:27:51.020 [1;32mMessage Loop Warning [1;34mmessage loop in polling mode will cause 2000 context switches per second due to polling on sources serviceClass/adServer/adserver[0m
2015-06-05 22:27:51.022 [1;32mMessage Loop Warning [1;34mmessage loop in polling mode will cause 2000 context switches per second due to polling on sources ZmqNamedSocket::socket[0m
2015-06-05 22:27:51.025 [1;32mMessage Loop Warning [1;34mmessage loop in polling mode will cause 2000 context switches per second due to polling on sources serviceClass/adServer/adserver, serviceClass/rtbRequestRouter/router[0m
2015-06-05 22:27:51.025 [1;32mMessage Loop Warning [1;34mmessage loop in polling mode will cause 2000 context switches per second due to polling on sources ZmqNamedSocket::socket[0m
opening file ./logs/data//2015-06-05/errors-2015-06-05-16:00:00.log with append 0
wexists handler returned -101
2. returning result 
warning: could not connect to adserver/logger immediately
warning: could not connect to router/logger immediately
wexists handler returned -101
2. returning result 
warning: could not connect to router/logger immediately
wexists handler returned -101
2. returning result 
warning: could not connect to PostAuctionLoop/logger immediately
opening file ./logs/data//2015-06-05/errors-2015-06-05-17:00:00.log with append 0
opening file ./logs/data//2015-06-05/errors-2015-06-05-18:00:00.log with append 0
opening file ./logs/data//2015-06-05/errors-2015-06-05-19:00:00.log with append 0
opening file ./logs/data//2015-06-05/errors-2015-06-05-20:00:00.log with append 0
opening file ./logs/data//2015-06-05/errors-2015-06-05-21:00:00.log with append 0
opening file ./logs/data//2015-06-05/errors-2015-06-05-22:00:00.log with append 0
opening file ./logs/data//2015-06-05/errors-2015-06-05-23:00:00.log with append 0
opening file ./logs/data//2015-06-06/errors-2015-06-06-00:00:00.log with append 0
opening file ./logs/data//2015-06-06/errors-2015-06-06-01:00:00.log with append 0
opening file ./logs/data//2015-06-06/errors-2015-06-06-02:00:00.log with append 0
opening file ./logs/data//2015-06-06/errors-2015-06-06-03:00:00.log with append 0
