FD limit too low: 10240/10240 smaller than recommended 65535
FD limit raised to: 10240
2015-06-05 13:52:08.943 [1;32mZMQ [1;34mconnecting to monitor/zeromq[0m
2015-06-05 13:52:08.945 [1;32mZMQ [1;34mconnected to tcp://127.0.0.1:24000[0m
2015-06-05 13:52:08.951 [1;32mZMQ [1;34mconnecting to monitor/zeromq[0m
2015-06-05 13:52:08.954 [1;32mZMQ [1;34mconnected to tcp://127.0.0.1:24000[0m
2015-06-05 13:52:08.955 [1;32mSlaveBanker [1;34mSync Rate: 1[0m
2015-06-05 13:52:08.956 [1;32mSlaveBanker [1;34mSpend Rate: {"USD/1M":100000}[0m
2015-06-05 13:52:08.960 [1;32mZMQ [1;34mconnecting to masterBanker/zeromq[0m
2015-06-05 13:52:08.962 [1;32mZMQ [1;34mconnected to tcp://127.0.0.1:22000[0m
2015-06-05 13:52:08.963 [1;32mSlaveBankerArguments [1;34musing zmq interface for the MasterBanker[0m
2015-06-05 13:52:08.974 [1;32mMessage Loop Warning [1;34mmessage loop in polling mode will cause 2000 context switches per second due to polling on sources ZmqNamedEndpoint::socket[0m
2015-06-05 13:52:08.974 [1;32mMessage Loop Warning [1;34mmessage loop in polling mode will cause 2000 context switches per second due to polling on sources ZmqNamedEndpoint::socket[0m
2015-06-05 13:52:08.974 [1;32mMessage Loop Warning [1;34mmessage loop in polling mode will cause 2000 context switches per second due to polling on sources ZmqNamedEndpoint::socket[0m
augmentor frequency-cap-ex has connected
agent fixed-price-agent-ex_1691 connected to router
2015-06-05 13:52:08.975 [1;32mZMQ Trace [1;34mconnecting to PostAuctionLoop / PostAuctionLoop[0m
2015-06-05 13:52:08.975 [1;32mZMQ [1;34mconnecting to PostAuctionLoop/events[0m
2015-06-05 13:52:08.976 [1;32mZMQ [1;34mconnected to tcp://127.0.0.1:20000[0m
2015-06-05 13:52:08.976 [1;32mZMQ [1;34mconnecting to agentConfigurationService/listen[0m
2015-06-05 13:52:08.977 [1;32mZMQ [1;34mconnected to tcp://127.0.0.1:19000[0m
got configuration message fixed-price-agent-ex_1691
listening on hostname 0.0.0.0 port 12339
********* calling addSpendAccount for hello:world for SlaveBanker router.slaveBanker
total of 1.00389e+07 microseconds and 211 sleeps
CONFIG                                1        360   0.00%   360.00us/call
HEARTBEAT                            10        299   0.00%    29.90us/call
HELLO                                 1        485   0.00%   485.00us/call
PONG0                                 9        346   0.00%    38.44us/call
PONG1                                 9        164   0.00%    18.22us/call
checkExpiredAuctions                211        257   0.00%     1.22us/call
checks                              220         85   0.00%     0.39us/call
configureAgentOnExchange            221          2   0.00%     0.01us/call
doBid                               221        246   0.00%     1.11us/call
doConfig                            221        759   0.01%     3.43us/call
doStartBidding                      221          0   0.00%     0.00us/call
doSubmitted                         221          1   0.00%     0.00us/call
logBidEvents                         10        257   0.00%    25.70us/call
sendPings                             9        944   0.01%   104.89us/call
sleep                               211       1517   0.02%     7.19us/call
sleepPoll                           211   10027059  99.88% 47521.61us/call
spinPoll                            221       6141   0.06%    27.79us/call
total of 9.99715e+06 microseconds and 210 sleeps
HEARTBEAT                            10        298   0.00%    29.80us/call
PONG0                                10        359   0.00%    35.90us/call
PONG1                                10        134   0.00%    13.40us/call
checkExpiredAuctions                210        211   0.00%     1.00us/call
checks                              220        812   0.01%     3.69us/call
configureAgentOnExchange            220          0   0.00%     0.00us/call
doBid                               220        132   0.00%     0.60us/call
doConfig                            220          0   0.00%     0.00us/call
doStartBidding                      220          3   0.00%     0.01us/call
doSubmitted                         220          0   0.00%     0.00us/call
logBidEvents                         10        221   0.00%    22.10us/call
sendPings                            10        604   0.01%    60.40us/call
sleep                               210       1963   0.02%     9.35us/call
sleepPoll                           210    9987859  99.91% 47561.23us/call
spinPoll                            220       4556   0.05%    20.71us/call
total of 1.00464e+07 microseconds and 214 sleeps
HEARTBEAT                            10        259   0.00%    25.90us/call
PONG0                                10        402   0.00%    40.20us/call
PONG1                                10        157   0.00%    15.70us/call
checkExpiredAuctions                214        241   0.00%     1.13us/call
checks                              221        656   0.01%     2.97us/call
configureAgentOnExchange            221          0   0.00%     0.00us/call
doBid                               221        161   0.00%     0.73us/call
doConfig                            221          0   0.00%     0.00us/call
doStartBidding                      221         12   0.00%     0.05us/call
doSubmitted                         221          0   0.00%     0.00us/call
logBidEvents                         10        259   0.00%    25.90us/call
sendPings                            10        814   0.01%    81.40us/call
sleep                               214       2110   0.02%     9.86us/call
sleepPoll                           214   10035422  99.89% 46894.50us/call
spinPoll                            221       5875   0.06%    26.58us/call
total of 9.99724e+06 microseconds and 212 sleeps
HEARTBEAT                            10        154   0.00%    15.40us/call
PONG0                                10        319   0.00%    31.90us/call
PONG1                                10        113   0.00%    11.30us/call
checkExpiredAuctions                212        311   0.00%     1.47us/call
checks                              220        262   0.00%     1.19us/call
configureAgentOnExchange            220          1   0.00%     0.00us/call
doBid                               220        138   0.00%     0.63us/call
doConfig                            220          0   0.00%     0.00us/call
doStartBidding                      220          0   0.00%     0.00us/call
doSubmitted                         220          0   0.00%     0.00us/call
logBidEvents                         10        237   0.00%    23.70us/call
sendPings                            10        559   0.01%    55.90us/call
sleep                               212       2662   0.03%    12.56us/call
sleepPoll                           212    9987902  99.91% 47112.75us/call
spinPoll                            220       4586   0.05%    20.85us/call
total of 9.99685e+06 microseconds and 211 sleeps
HEARTBEAT                            10        317   0.00%    31.70us/call
PONG0                                 9        410   0.00%    45.56us/call
PONG1                                 9        169   0.00%    18.78us/call
checkExpiredAuctions                211        285   0.00%     1.35us/call
checks                              218       3712   0.04%    17.03us/call
configureAgentOnExchange            218          0   0.00%     0.00us/call
doBid                               218        177   0.00%     0.81us/call
doConfig                            218          0   0.00%     0.00us/call
doStartBidding                      218          1   0.00%     0.00us/call
doSubmitted                         218          0   0.00%     0.00us/call
logBidEvents                          9        218   0.00%    24.22us/call
sendPings                            10        701   0.01%    70.10us/call
sleep                               211       1551   0.02%     7.35us/call
sleepPoll                           211    9983787  99.87% 47316.53us/call
spinPoll                            218       5525   0.06%    25.34us/call
total of 1.00468e+07 microseconds and 211 sleeps
HEARTBEAT                            10        276   0.00%    27.60us/call
PONG0                                10        425   0.00%    42.50us/call
PONG1                                10        237   0.00%    23.70us/call
checkExpiredAuctions                211        340   0.00%     1.61us/call
checks                              221        694   0.01%     3.14us/call
configureAgentOnExchange            221         13   0.00%     0.06us/call
doBid                               221        205   0.00%     0.93us/call
doConfig                            221          0   0.00%     0.00us/call
doStartBidding                      221         15   0.00%     0.07us/call
doSubmitted                         221          0   0.00%     0.00us/call
logBidEvents                         10        295   0.00%    29.50us/call
sendPings                             9        620   0.01%    68.89us/call
sleep                               211       1029   0.01%     4.88us/call
sleepPoll                           211   10037066  99.90% 47569.03us/call
spinPoll                            221       5591   0.06%    25.30us/call
total of 9.99656e+06 microseconds and 210 sleeps
HEARTBEAT                            10        241   0.00%    24.10us/call
PONG0                                10        425   0.00%    42.50us/call
PONG1                                10        193   0.00%    19.30us/call
checkExpiredAuctions                210        253   0.00%     1.20us/call
checks                              220       3794   0.04%    17.25us/call
configureAgentOnExchange            220          2   0.00%     0.01us/call
doBid                               220        182   0.00%     0.83us/call
doConfig                            220         12   0.00%     0.05us/call
doStartBidding                      220          2   0.00%     0.01us/call
doSubmitted                         220          0   0.00%     0.00us/call
logBidEvents                         10        284   0.00%    28.40us/call
sendPings                            10       1691   0.02%   169.10us/call
sleep                               210       1287   0.01%     6.13us/call
sleepPoll                           210    9982409  99.86% 47535.28us/call
spinPoll                            220       5790   0.06%    26.32us/call
total of 9.9968e+06 microseconds and 212 sleeps
HEARTBEAT                            10        277   0.00%    27.70us/call
PONG0                                10        410   0.00%    41.00us/call
PONG1                                10        267   0.00%    26.70us/call
checkExpiredAuctions                212        258   0.00%     1.22us/call
checks                              220       1756   0.02%     7.98us/call
configureAgentOnExchange            220          0   0.00%     0.00us/call
doBid                               220        184   0.00%     0.84us/call
doConfig                            220          0   0.00%     0.00us/call
doStartBidding                      220          1   0.00%     0.00us/call
doSubmitted                         220         13   0.00%     0.06us/call
logBidEvents                         10        256   0.00%    25.60us/call
sendPings                            10       1109   0.01%   110.90us/call
sleep                               212       1981   0.02%     9.34us/call
sleepPoll                           212    9984943  99.88% 47098.79us/call
spinPoll                            220       5346   0.05%    24.30us/call
total of 9.99692e+06 microseconds and 205 sleeps
HEARTBEAT                            10        555   0.01%    55.50us/call
PONG0                                10        347   0.00%    34.70us/call
PONG1                                10        146   0.00%    14.60us/call
checkExpiredAuctions                205        317   0.00%     1.55us/call
checks                              220       3872   0.04%    17.60us/call
configureAgentOnExchange            220          1   0.00%     0.00us/call
doBid                               220        164   0.00%     0.75us/call
doConfig                            220          0   0.00%     0.00us/call
doStartBidding                      220          0   0.00%     0.00us/call
doSubmitted                         220          0   0.00%     0.00us/call
logBidEvents                         10       1125   0.01%   112.50us/call
sendPings                            10       2676   0.03%   267.60us/call
sleep                               205        642   0.01%     3.13us/call
sleepPoll                           205    9981683  99.85% 48691.14us/call
spinPoll                            220       5397   0.05%    24.53us/call
total of 1.00463e+07 microseconds and 210 sleeps
HEARTBEAT                            10        306   0.00%    30.60us/call
PONG0                                 9        406   0.00%    45.11us/call
PONG1                                 9        224   0.00%    24.89us/call
checkExpiredAuctions                210        364   0.00%     1.73us/call
checks                              219       1417   0.01%     6.47us/call
configureAgentOnExchange            219          2   0.00%     0.01us/call
doBid                               219        178   0.00%     0.81us/call
doConfig                            219          0   0.00%     0.00us/call
doStartBidding                      219          0   0.00%     0.00us/call
doSubmitted                         219          0   0.00%     0.00us/call
logBidEvents                          9        425   0.00%    47.22us/call
sendPings                             9        579   0.01%    64.33us/call
sleep                               210       1278   0.01%     6.09us/call
sleepPoll                           210   10035129  99.89% 47786.33us/call
spinPoll                            219       5981   0.06%    27.31us/call
total of 1.00467e+07 microseconds and 208 sleeps
HEARTBEAT                            10        202   0.00%    20.20us/call
PONG0                                10        417   0.00%    41.70us/call
PONG1                                10        164   0.00%    16.40us/call
checkExpiredAuctions                208        321   0.00%     1.54us/call
checks                              221       2141   0.02%     9.69us/call
configureAgentOnExchange            221          0   0.00%     0.00us/call
doBid                               221        158   0.00%     0.71us/call
doConfig                            221          0   0.00%     0.00us/call
doStartBidding                      221          0   0.00%     0.00us/call
doSubmitted                         221          1   0.00%     0.00us/call
logBidEvents                         10        755   0.01%    75.50us/call
sendPings                            10       1614   0.02%   161.40us/call
sleep                               208        749   0.01%     3.60us/call
sleepPoll                           208   10034541  99.88% 48242.99us/call
spinPoll                            221       5597   0.06%    25.33us/call
total of 1.00464e+07 microseconds and 211 sleeps
HEARTBEAT                            10        166   0.00%    16.60us/call
PONG0                                10        393   0.00%    39.30us/call
PONG1                                10        160   0.00%    16.00us/call
checkExpiredAuctions                211        250   0.00%     1.18us/call
checks                              221       3911   0.04%    17.70us/call
configureAgentOnExchange            221          1   0.00%     0.00us/call
doBid                               221        138   0.00%     0.62us/call
doConfig                            221          1   0.00%     0.00us/call
doStartBidding                      221          1   0.00%     0.00us/call
doSubmitted                         221          9   0.00%     0.04us/call
logBidEvents                         10        311   0.00%    31.10us/call
sendPings                            10        539   0.01%    53.90us/call
sleep                               211       1236   0.01%     5.86us/call
sleepPoll                           211   10034293  99.88% 47555.89us/call
spinPoll                            221       4951   0.05%    22.40us/call
total of 9.99758e+06 microseconds and 210 sleeps
HEARTBEAT                            10        291   0.00%    29.10us/call
PONG0                                10        406   0.00%    40.60us/call
PONG1                                10        175   0.00%    17.50us/call
checkExpiredAuctions                210        392   0.00%     1.87us/call
checks                              220       3815   0.04%    17.34us/call
configureAgentOnExchange            220          0   0.00%     0.00us/call
doBid                               220        138   0.00%     0.63us/call
doConfig                            220          0   0.00%     0.00us/call
doStartBidding                      220          3   0.00%     0.01us/call
doSubmitted                         220          0   0.00%     0.00us/call
logBidEvents                         10        322   0.00%    32.20us/call
sendPings                            10        642   0.01%    64.20us/call
sleep                               210       1249   0.01%     5.95us/call
sleepPoll                           210    9985260  99.88% 47548.86us/call
spinPoll                            220       4882   0.05%    22.19us/call
total of 1.0047e+07 microseconds and 210 sleeps
HEARTBEAT                            10        436   0.00%    43.60us/call
PONG0                                10        376   0.00%    37.60us/call
PONG1                                10        170   0.00%    17.00us/call
checkExpiredAuctions                210        188   0.00%     0.90us/call
checks                              221        797   0.01%     3.61us/call
configureAgentOnExchange            221          2   0.00%     0.01us/call
doBid                               221        133   0.00%     0.60us/call
doConfig                            221          0   0.00%     0.00us/call
doStartBidding                      221          2   0.00%     0.01us/call
doSubmitted                         221          0   0.00%     0.00us/call
logBidEvents                         10        222   0.00%    22.20us/call
sendPings                            10        704   0.01%    70.40us/call
sleep                               210       1083   0.01%     5.16us/call
sleepPoll                           210   10037237  99.90% 47796.37us/call
spinPoll                            221       5695   0.06%    25.77us/call
total of 1.00459e+07 microseconds and 210 sleeps
HEARTBEAT                            10        300   0.00%    30.00us/call
PONG0                                 9        466   0.00%    51.78us/call
PONG1                                 9        133   0.00%    14.78us/call
checkExpiredAuctions                210        242   0.00%     1.15us/call
checks                              219       1855   0.02%     8.47us/call
configureAgentOnExchange            219         13   0.00%     0.06us/call
doBid                               219        168   0.00%     0.77us/call
doConfig                            219          0   0.00%     0.00us/call
doStartBidding                      219          0   0.00%     0.00us/call
doSubmitted                         219          0   0.00%     0.00us/call
logBidEvents                          9        354   0.00%    39.33us/call
sendPings                             9        604   0.01%    67.11us/call
sleep                               210        379   0.00%     1.80us/call
sleepPoll                           210   10035688  99.90% 47788.99us/call
spinPoll                            219       5696   0.06%    26.01us/call
total of 1.00464e+07 microseconds and 210 sleeps
HEARTBEAT                            10        354   0.00%    35.40us/call
PONG0                                10        521   0.01%    52.10us/call
PONG1                                10        159   0.00%    15.90us/call
checkExpiredAuctions                210        314   0.00%     1.50us/call
checks                              221       1297   0.01%     5.87us/call
configureAgentOnExchange            221          1   0.00%     0.00us/call
doBid                               221        288   0.00%     1.30us/call
doConfig                            221          0   0.00%     0.00us/call
doStartBidding                      221         14   0.00%     0.06us/call
doSubmitted                         221          1   0.00%     0.00us/call
logBidEvents                         10        846   0.01%    84.60us/call
sendPings                            10        751   0.01%    75.10us/call
sleep                               210        498   0.00%     2.37us/call
sleepPoll                           210   10035430  99.89% 47787.76us/call
spinPoll                            221       5964   0.06%    26.99us/call
total of 9.998e+06 microseconds and 209 sleeps
HEARTBEAT                            10        301   0.00%    30.10us/call
PONG0                                10        384   0.00%    38.40us/call
PONG1                                10        132   0.00%    13.20us/call
checkExpiredAuctions                209        301   0.00%     1.44us/call
checks                              220       2395   0.02%    10.89us/call
configureAgentOnExchange            220         13   0.00%     0.06us/call
doBid                               220        150   0.00%     0.68us/call
doConfig                            220          0   0.00%     0.00us/call
doStartBidding                      220         63   0.00%     0.29us/call
doSubmitted                         220          0   0.00%     0.00us/call
logBidEvents                         10        222   0.00%    22.20us/call
sendPings                            10        770   0.01%    77.00us/call
sleep                               209       1767   0.02%     8.45us/call
sleepPoll                           209    9986466  99.88% 47782.13us/call
spinPoll                            220       5041   0.05%    22.91us/call
total of 9.99677e+06 microseconds and 214 sleeps
HEARTBEAT                            10        346   0.00%    34.60us/call
PONG0                                10        397   0.00%    39.70us/call
PONG1                                10        145   0.00%    14.50us/call
checkExpiredAuctions                214        290   0.00%     1.36us/call
checks                              220       1015   0.01%     4.61us/call
configureAgentOnExchange            220          3   0.00%     0.01us/call
doBid                               220        151   0.00%     0.69us/call
doConfig                            220         18   0.00%     0.08us/call
doStartBidding                      220          0   0.00%     0.00us/call
doSubmitted                         220          0   0.00%     0.00us/call
logBidEvents                         10        478   0.00%    47.80us/call
sendPings                            10        611   0.01%    61.10us/call
sleep                               214       3209   0.03%    15.00us/call
sleepPoll                           214    9984777  99.88% 46657.84us/call
spinPoll                            220       5332   0.05%    24.24us/call
total of 1.0047e+07 microseconds and 214 sleeps
HEARTBEAT                            10        237   0.00%    23.70us/call
PONG0                                10        456   0.00%    45.60us/call
PONG1                                10        232   0.00%    23.20us/call
checkExpiredAuctions                214        324   0.00%     1.51us/call
checks                              221       1026   0.01%     4.64us/call
configureAgentOnExchange            221          0   0.00%     0.00us/call
doBid                               221        194   0.00%     0.88us/call
doConfig                            221          0   0.00%     0.00us/call
doStartBidding                      221          2   0.00%     0.01us/call
doSubmitted                         221         13   0.00%     0.06us/call
logBidEvents                         10        538   0.01%    53.80us/call
sendPings                            10        979   0.01%    97.90us/call
sleep                               214       1762   0.02%     8.23us/call
sleepPoll                           214   10035360  99.88% 46894.21us/call
spinPoll                            221       5835   0.06%    26.40us/call
total of 1.00462e+07 microseconds and 214 sleeps
HEARTBEAT                            10        175   0.00%    17.50us/call
PONG0                                 9        322   0.00%    35.78us/call
PONG1                                 9        129   0.00%    14.33us/call
checkExpiredAuctions                214        245   0.00%     1.14us/call
checks                              219        900   0.01%     4.11us/call
configureAgentOnExchange            219          0   0.00%     0.00us/call
doBid                               219        126   0.00%     0.58us/call
doConfig                            219          0   0.00%     0.00us/call
doStartBidding                      219         14   0.00%     0.06us/call
doSubmitted                         219          0   0.00%     0.00us/call
logBidEvents                          9        410   0.00%    45.56us/call
sendPings                             9        330   0.00%    36.67us/call
sleep                               214       3435   0.03%    16.05us/call
sleepPoll                           214   10035417  99.89% 46894.47us/call
spinPoll                            219       4685   0.05%    21.39us/call
total of 9.99747e+06 microseconds and 209 sleeps
HEARTBEAT                            10        301   0.00%    30.10us/call
PONG0                                10        542   0.01%    54.20us/call
PONG1                                10        165   0.00%    16.50us/call
checkExpiredAuctions                209        697   0.01%     3.33us/call
checks                              220       4836   0.05%    21.98us/call
configureAgentOnExchange            220          0   0.00%     0.00us/call
doBid                               220        194   0.00%     0.88us/call
doConfig                            220          0   0.00%     0.00us/call
doStartBidding                      220          0   0.00%     0.00us/call
doSubmitted                         220         13   0.00%     0.06us/call
logBidEvents                         10        347   0.00%    34.70us/call
sendPings                            10       1225   0.01%   122.50us/call
sleep                               209       1416   0.01%     6.78us/call
sleepPoll                           209    9982125  99.85% 47761.36us/call
spinPoll                            220       5608   0.06%    25.49us/call
total of 1.00468e+07 microseconds and 212 sleeps
HEARTBEAT                            10        619   0.01%    61.90us/call
PONG0                                10        323   0.00%    32.30us/call
PONG1                                10        143   0.00%    14.30us/call
checkExpiredAuctions                212        200   0.00%     0.94us/call
checks                              221       2005   0.02%     9.07us/call
configureAgentOnExchange            221          0   0.00%     0.00us/call
doBid                               221        344   0.00%     1.56us/call
doConfig                            221         42   0.00%     0.19us/call
doStartBidding                      221          1   0.00%     0.00us/call
doSubmitted                         221          1   0.00%     0.00us/call
logBidEvents                         10        281   0.00%    28.10us/call
sendPings                            10        643   0.01%    64.30us/call
sleep                               212       2397   0.02%    11.31us/call
sleepPoll                           212   10034738  99.88% 47333.67us/call
spinPoll                            221       5035   0.05%    22.78us/call
total of 1.00463e+07 microseconds and 210 sleeps
HEARTBEAT                            10        274   0.00%    27.40us/call
PONG0                                10        541   0.01%    54.10us/call
PONG1                                10        132   0.00%    13.20us/call
checkExpiredAuctions                210        292   0.00%     1.39us/call
checks                              221        281   0.00%     1.27us/call
configureAgentOnExchange            221          0   0.00%     0.00us/call
doBid                               221        158   0.00%     0.71us/call
doConfig                            221          0   0.00%     0.00us/call
doStartBidding                      221          0   0.00%     0.00us/call
doSubmitted                         221         12   0.00%     0.05us/call
logBidEvents                         10        634   0.01%    63.40us/call
sendPings                            10        992   0.01%    99.20us/call
sleep                               210       1102   0.01%     5.25us/call
sleepPoll                           210   10036266  99.90% 47791.74us/call
spinPoll                            221       5631   0.06%    25.48us/call
total of 9.99665e+06 microseconds and 211 sleeps
HEARTBEAT                            10        339   0.00%    33.90us/call
PONG0                                10        484   0.00%    48.40us/call
PONG1                                10        155   0.00%    15.50us/call
checkExpiredAuctions                211        341   0.00%     1.62us/call
checks                              220        842   0.01%     3.83us/call
configureAgentOnExchange            220          0   0.00%     0.00us/call
doBid                               220        182   0.00%     0.83us/call
doConfig                            220          1   0.00%     0.00us/call
doStartBidding                      220         29   0.00%     0.13us/call
doSubmitted                         220          0   0.00%     0.00us/call
logBidEvents                         10        284   0.00%    28.40us/call
sendPings                            10        699   0.01%    69.90us/call
sleep                               211       1016   0.01%     4.82us/call
sleepPoll                           211    9986377  99.90% 47328.80us/call
spinPoll                            220       5900   0.06%    26.82us/call
total of 1.00464e+07 microseconds and 211 sleeps
HEARTBEAT                            10        266   0.00%    26.60us/call
PONG0                                 9        338   0.00%    37.56us/call
PONG1                                 9        200   0.00%    22.22us/call
checkExpiredAuctions                211        353   0.00%     1.67us/call
checks                              219        448   0.00%     2.05us/call
configureAgentOnExchange            219          9   0.00%     0.04us/call
doBid                               219        163   0.00%     0.74us/call
doConfig                            219          0   0.00%     0.00us/call
doStartBidding                      219          3   0.00%     0.01us/call
doSubmitted                         219          0   0.00%     0.00us/call
logBidEvents                          9        281   0.00%    31.22us/call
sendPings                            10        914   0.01%    91.40us/call
sleep                               211       1568   0.02%     7.43us/call
sleepPoll                           211   10036992  99.91% 47568.68us/call
spinPoll                            219       4882   0.05%    22.29us/call
total of 9.99692e+06 microseconds and 213 sleeps
HEARTBEAT                            10        190   0.00%    19.00us/call
PONG0                                10        507   0.01%    50.70us/call
PONG1                                10        294   0.00%    29.40us/call
checkExpiredAuctions                213        377   0.00%     1.77us/call
checks                              220       1077   0.01%     4.90us/call
configureAgentOnExchange            220          0   0.00%     0.00us/call
doBid                               220        169   0.00%     0.77us/call
doConfig                            220          0   0.00%     0.00us/call
doStartBidding                      220          4   0.00%     0.02us/call
doSubmitted                         220          0   0.00%     0.00us/call
logBidEvents                         10        603   0.01%    60.30us/call
sendPings                             9        864   0.01%    96.00us/call
sleep                               213       1983   0.02%     9.31us/call
sleepPoll                           213    9985073  99.88% 46878.28us/call
spinPoll                            220       5774   0.06%    26.25us/call
total of 9.99702e+06 microseconds and 211 sleeps
HEARTBEAT                            10        330   0.00%    33.00us/call
PONG0                                10        388   0.00%    38.80us/call
PONG1                                10        148   0.00%    14.80us/call
checkExpiredAuctions                211        357   0.00%     1.69us/call
checks                              220        955   0.01%     4.34us/call
configureAgentOnExchange            220          0   0.00%     0.00us/call
doBid                               220        155   0.00%     0.70us/call
doConfig                            220         12   0.00%     0.05us/call
doStartBidding                      220          1   0.00%     0.00us/call
doSubmitted                         220         13   0.00%     0.06us/call
logBidEvents                         10        294   0.00%    29.40us/call
sendPings                            10        731   0.01%    73.10us/call
sleep                               211       2017   0.02%     9.56us/call
sleepPoll                           211    9986234  99.89% 47328.12us/call
spinPoll                            220       5389   0.05%    24.50us/call
total of 9.99679e+06 microseconds and 210 sleeps
HEARTBEAT                            10        296   0.00%    29.60us/call
PONG0                                10        393   0.00%    39.30us/call
PONG1                                10        158   0.00%    15.80us/call
checkExpiredAuctions                210        324   0.00%     1.54us/call
checks                              220        985   0.01%     4.48us/call
configureAgentOnExchange            220          0   0.00%     0.00us/call
doBid                               220        177   0.00%     0.80us/call
doConfig                            220          1   0.00%     0.00us/call
doStartBidding                      220          1   0.00%     0.00us/call
doSubmitted                         220          0   0.00%     0.00us/call
logBidEvents                         10        469   0.00%    46.90us/call
sendPings                            10        891   0.01%    89.10us/call
sleep                               210        555   0.01%     2.64us/call
sleepPoll                           210    9986381  99.90% 47554.20us/call
spinPoll                            220       6157   0.06%    27.99us/call
total of 1.0047e+07 microseconds and 213 sleeps
HEARTBEAT                            10        260   0.00%    26.00us/call
PONG0                                10        496   0.00%    49.60us/call
PONG1                                10        177   0.00%    17.70us/call
checkExpiredAuctions                213        860   0.01%     4.04us/call
checks                              221       2169   0.02%     9.81us/call
configureAgentOnExchange            221         81   0.00%     0.37us/call
doBid                               221        145   0.00%     0.66us/call
doConfig                            221          0   0.00%     0.00us/call
doStartBidding                      221          0   0.00%     0.00us/call
doSubmitted                         221          0   0.00%     0.00us/call
logBidEvents                         10        263   0.00%    26.30us/call
sendPings                            10        761   0.01%    76.10us/call
sleep                               213       1802   0.02%     8.46us/call
sleepPoll                           213   10034922  99.88% 47112.31us/call
spinPoll                            221       5048   0.05%    22.84us/call
total of 1.00457e+07 microseconds and 212 sleeps
HEARTBEAT                            10        335   0.00%    33.50us/call
PONG0                                 9        358   0.00%    39.78us/call
PONG1                                 9        133   0.00%    14.78us/call
checkExpiredAuctions                212        379   0.00%     1.79us/call
checks                              219       3705   0.04%    16.92us/call
configureAgentOnExchange            219          0   0.00%     0.00us/call
doBid                               219        182   0.00%     0.83us/call
doConfig                            219          0   0.00%     0.00us/call
doStartBidding                      219          0   0.00%     0.00us/call
doSubmitted                         219          0   0.00%     0.00us/call
logBidEvents                          9        283   0.00%    31.44us/call
sendPings                            10        590   0.01%    59.00us/call
sleep                               212       2092   0.02%     9.87us/call
sleepPoll                           212   10032734  99.87% 47324.22us/call
spinPoll                            219       4952   0.05%    22.61us/call
total of 9.99714e+06 microseconds and 209 sleeps
HEARTBEAT                            10        293   0.00%    29.30us/call
PONG0                                10        486   0.00%    48.60us/call
PONG1                                10        159   0.00%    15.90us/call
checkExpiredAuctions                209        423   0.00%     2.02us/call
checks                              220        831   0.01%     3.78us/call
configureAgentOnExchange            220          2   0.00%     0.01us/call
doBid                               220        266   0.00%     1.21us/call
doConfig                            220          0   0.00%     0.00us/call
doStartBidding                      220          0   0.00%     0.00us/call
doSubmitted                         220          0   0.00%     0.00us/call
logBidEvents                         10        432   0.00%    43.20us/call
sendPings                             9        534   0.01%    59.33us/call
sleep                               209        711   0.01%     3.40us/call
sleepPoll                           209    9988171  99.91% 47790.29us/call
spinPoll                            220       4834   0.05%    21.97us/call
total of 9.99803e+06 microseconds and 209 sleeps
HEARTBEAT                            10        203   0.00%    20.30us/call
PONG0                                10        443   0.00%    44.30us/call
PONG1                                10        187   0.00%    18.70us/call
checkExpiredAuctions                209        218   0.00%     1.04us/call
checks                              220       3306   0.03%    15.03us/call
configureAgentOnExchange            220          0   0.00%     0.00us/call
doBid                               220        117   0.00%     0.53us/call
doConfig                            220         12   0.00%     0.05us/call
doStartBidding                      220         52   0.00%     0.24us/call
doSubmitted                         220          0   0.00%     0.00us/call
logBidEvents                         10        758   0.01%    75.80us/call
sendPings                            10        659   0.01%    65.90us/call
sleep                               209       1512   0.02%     7.23us/call
sleepPoll                           209    9986038  99.88% 47780.09us/call
spinPoll                            220       4524   0.05%    20.56us/call
total of 9.99682e+06 microseconds and 208 sleeps
HEARTBEAT                            10        448   0.00%    44.80us/call
PONG0                                10        699   0.01%    69.90us/call
PONG1                                10        226   0.00%    22.60us/call
checkExpiredAuctions                208        276   0.00%     1.33us/call
checks                              220       2100   0.02%     9.55us/call
configureAgentOnExchange            220          0   0.00%     0.00us/call
doBid                               220        169   0.00%     0.77us/call
doConfig                            220          0   0.00%     0.00us/call
doStartBidding                      220          2   0.00%     0.01us/call
doSubmitted                         220          0   0.00%     0.00us/call
logBidEvents                         10        274   0.00%    27.40us/call
sendPings                            10        971   0.01%    97.10us/call
sleep                               208        728   0.01%     3.50us/call
sleepPoll                           208    9985048  99.88% 48005.04us/call
spinPoll                            220       5882   0.06%    26.74us/call
total of 1.00473e+07 microseconds and 209 sleeps
HEARTBEAT                            10        531   0.01%    53.10us/call
PONG0                                 9        391   0.00%    43.44us/call
PONG1                                 9        152   0.00%    16.89us/call
checkExpiredAuctions                209        490   0.00%     2.34us/call
checks                              219        330   0.00%     1.51us/call
configureAgentOnExchange            219          0   0.00%     0.00us/call
doBid                               219        170   0.00%     0.78us/call
doConfig                            219          0   0.00%     0.00us/call
doStartBidding                      219         12   0.00%     0.05us/call
doSubmitted                         219          0   0.00%     0.00us/call
logBidEvents                          9        459   0.00%    51.00us/call
sendPings                            10       1989   0.02%   198.90us/call
sleep                               209       1600   0.02%     7.66us/call
sleepPoll                           209   10035316  99.88% 48015.87us/call
spinPoll                            219       5894   0.06%    26.91us/call
total of 9.99618e+06 microseconds and 205 sleeps
HEARTBEAT                            10        897   0.01%    89.70us/call
PONG0                                10        363   0.00%    36.30us/call
PONG1                                10        179   0.00%    17.90us/call
checkExpiredAuctions                205        316   0.00%     1.54us/call
checks                              220       4329   0.04%    19.68us/call
configureAgentOnExchange            220          0   0.00%     0.00us/call
doBid                               220        167   0.00%     0.76us/call
doConfig                            220          0   0.00%     0.00us/call
doStartBidding                      220          0   0.00%     0.00us/call
doSubmitted                         220          0   0.00%     0.00us/call
logBidEvents                         10       1208   0.01%   120.80us/call
sendPings                             9       1619   0.02%   179.89us/call
sleep                               205        940   0.01%     4.59us/call
sleepPoll                           205    9980621  99.84% 48685.96us/call
spinPoll                            220       5541   0.06%    25.19us/call
total of 9.99633e+06 microseconds and 210 sleeps
HEARTBEAT                            10        240   0.00%    24.00us/call
PONG0                                10        423   0.00%    42.30us/call
PONG1                                10        206   0.00%    20.60us/call
checkExpiredAuctions                210        296   0.00%     1.41us/call
checks                              220       1444   0.01%     6.56us/call
configureAgentOnExchange            220          2   0.00%     0.01us/call
doBid                               220        184   0.00%     0.84us/call
doConfig                            220          0   0.00%     0.00us/call
doStartBidding                      220          0   0.00%     0.00us/call
doSubmitted                         220          0   0.00%     0.00us/call
logBidEvents                         10        283   0.00%    28.30us/call
sendPings                            10        970   0.01%    97.00us/call
sleep                               210       1528   0.02%     7.28us/call
sleepPoll                           210    9984429  99.88% 47544.90us/call
spinPoll                            220       6321   0.06%    28.73us/call
total of 9.9976e+06 microseconds and 212 sleeps
HEARTBEAT                            10        197   0.00%    19.70us/call
PONG0                                10        446   0.00%    44.60us/call
PONG1                                10        205   0.00%    20.50us/call
checkExpiredAuctions                212        337   0.00%     1.59us/call
checks                              220       2151   0.02%     9.78us/call
configureAgentOnExchange            220         37   0.00%     0.17us/call
doBid                               220        175   0.00%     0.80us/call
doConfig                            220         12   0.00%     0.05us/call
doStartBidding                      220          3   0.00%     0.01us/call
doSubmitted                         220          0   0.00%     0.00us/call
logBidEvents                         10        356   0.00%    35.60us/call
sendPings                            10       1054   0.01%   105.40us/call
sleep                               212       1859   0.02%     8.77us/call
sleepPoll                           212    9985183  99.88% 47099.92us/call
spinPoll                            220       5586   0.06%    25.39us/call
total of 1.00464e+07 microseconds and 211 sleeps
HEARTBEAT                            10        491   0.00%    49.10us/call
PONG0                                10        680   0.01%    68.00us/call
PONG1                                10        167   0.00%    16.70us/call
checkExpiredAuctions                211        285   0.00%     1.35us/call
checks                              221       2471   0.02%    11.18us/call
configureAgentOnExchange            221          0   0.00%     0.00us/call
doBid                               221        233   0.00%     1.05us/call
doConfig                            221        362   0.00%     1.64us/call
doStartBidding                      221         12   0.00%     0.05us/call
doSubmitted                         221          1   0.00%     0.00us/call
logBidEvents                         10        349   0.00%    34.90us/call
sendPings                            10       1613   0.02%   161.30us/call
sleep                               211       1520   0.02%     7.20us/call
sleepPoll                           211   10032402  99.86% 47546.93us/call
spinPoll                            221       5775   0.06%    26.13us/call
total of 1.00427e+07 microseconds and 207 sleeps
HEARTBEAT                            11        405   0.00%    36.82us/call
PONG0                                 9        739   0.01%    82.11us/call
PONG1                                 9        205   0.00%    22.78us/call
checkExpiredAuctions                207        300   0.00%     1.45us/call
checks                              219       1718   0.02%     7.84us/call
configureAgentOnExchange            219         15   0.00%     0.07us/call
doBid                               219        252   0.00%     1.15us/call
doConfig                            219          0   0.00%     0.00us/call
doStartBidding                      219          1   0.00%     0.00us/call
doSubmitted                         219          0   0.00%     0.00us/call
logBidEvents                          9        951   0.01%   105.67us/call
sendPings                             9       1674   0.02%   186.00us/call
sleep                               207       1371   0.01%     6.62us/call
sleepPoll                           207   10029133  99.87% 48449.92us/call
spinPoll                            219       5887   0.06%    26.88us/call
total of 1.00467e+07 microseconds and 212 sleeps
HEARTBEAT                            10        304   0.00%    30.40us/call
PONG0                                10        473   0.00%    47.30us/call
PONG1                                10        243   0.00%    24.30us/call
checkExpiredAuctions                212        252   0.00%     1.19us/call
checks                              221        396   0.00%     1.79us/call
configureAgentOnExchange            221          0   0.00%     0.00us/call
doBid                               221        169   0.00%     0.76us/call
doConfig                            221          1   0.00%     0.00us/call
doStartBidding                      221          1   0.00%     0.00us/call
doSubmitted                         221         13   0.00%     0.06us/call
logBidEvents                         10        357   0.00%    35.70us/call
sendPings                            10        676   0.01%    67.60us/call
sleep                               212       1373   0.01%     6.48us/call
sleepPoll                           212   10036594  99.90% 47342.42us/call
spinPoll                            221       5847   0.06%    26.46us/call
total of 1.00465e+07 microseconds and 213 sleeps
HEARTBEAT                            10        230   0.00%    23.00us/call
PONG0                                10        414   0.00%    41.40us/call
PONG1                                10        229   0.00%    22.90us/call
checkExpiredAuctions                213        260   0.00%     1.22us/call
checks                              221       2266   0.02%    10.25us/call
configureAgentOnExchange            221          0   0.00%     0.00us/call
doBid                               221        176   0.00%     0.80us/call
doConfig                            221          0   0.00%     0.00us/call
doStartBidding                      221          0   0.00%     0.00us/call
doSubmitted                         221         18   0.00%     0.08us/call
logBidEvents                         10        344   0.00%    34.40us/call
sendPings                            10        730   0.01%    73.00us/call
sleep                               213       1296   0.01%     6.08us/call
sleepPoll                           213   10035022  99.89% 47112.78us/call
spinPoll                            221       5533   0.06%    25.04us/call
total of 9.99682e+06 microseconds and 209 sleeps
HEARTBEAT                            10        233   0.00%    23.30us/call
PONG0                                10        341   0.00%    34.10us/call
PONG1                                10        204   0.00%    20.40us/call
checkExpiredAuctions                209        326   0.00%     1.56us/call
checks                              220       1825   0.02%     8.30us/call
configureAgentOnExchange            220          0   0.00%     0.00us/call
doBid                               220        196   0.00%     0.89us/call
doConfig                            220          0   0.00%     0.00us/call
doStartBidding                      220         16   0.00%     0.07us/call
doSubmitted                         220          0   0.00%     0.00us/call
logBidEvents                         10       1075   0.01%   107.50us/call
sendPings                            10       1092   0.01%   109.20us/call
sleep                               209       1334   0.01%     6.38us/call
sleepPoll                           209    9985060  99.88% 47775.41us/call
spinPoll                            220       5114   0.05%    23.25us/call
total of 9.99653e+06 microseconds and 209 sleeps
HEARTBEAT                            10        494   0.00%    49.40us/call
PONG0                                 9        436   0.00%    48.44us/call
PONG1                                 9        142   0.00%    15.78us/call
checkExpiredAuctions                209        292   0.00%     1.40us/call
checks                              218        684   0.01%     3.14us/call
configureAgentOnExchange            218          0   0.00%     0.00us/call
doBid                               218        203   0.00%     0.93us/call
doConfig                            218          0   0.00%     0.00us/call
doStartBidding                      218         13   0.00%     0.06us/call
doSubmitted                         218          0   0.00%     0.00us/call
logBidEvents                          9        924   0.01%   102.67us/call
sendPings                             9       1068   0.01%   118.67us/call
sleep                               209        876   0.01%     4.19us/call
sleepPoll                           209    9985155  99.89% 47775.86us/call
spinPoll                            218       6245   0.06%    28.65us/call
