FD limit too low: 10240/10240 smaller than recommended 65535
FD limit raised to: 10240
2015-06-05 13:38:38.280 [1;32mZMQ [1;34mconnecting to monitor/zeromq[0m
2015-06-05 13:38:38.281 [1;32mZMQ [1;34mconnected to tcp://127.0.0.1:24000[0m
2015-06-05 13:38:38.281 [1;32mZMQ [1;34mconnecting to monitor/zeromq[0m
2015-06-05 13:38:38.282 [1;32mZMQ [1;34mconnected to tcp://127.0.0.1:24000[0m
2015-06-05 13:38:38.282 [1;32mSlaveBanker [1;34mSync Rate: 1[0m
2015-06-05 13:38:38.282 [1;32mSlaveBanker [1;34mSpend Rate: {"USD/1M":100000}[0m
2015-06-05 13:38:38.283 [1;32mZMQ [1;34mconnecting to masterBanker/zeromq[0m
2015-06-05 13:38:38.284 [1;32mZMQ [1;34mconnected to tcp://127.0.0.1:22000[0m
2015-06-05 13:38:38.284 [1;32mSlaveBankerArguments [1;34musing zmq interface for the MasterBanker[0m
2015-06-05 13:38:38.291 [1;32mMessage Loop Warning [1;34mmessage loop in polling mode will cause 2000 context switches per second due to polling on sources ZmqNamedEndpoint::socket[0m
2015-06-05 13:38:38.292 [1;32mMessage Loop Warning [1;34mmessage loop in polling mode will cause 2000 context switches per second due to polling on sources ZmqNamedEndpoint::socket[0m
2015-06-05 13:38:38.292 [1;32mMessage Loop Warning [1;34mmessage loop in polling mode will cause 2000 context switches per second due to polling on sources ZmqNamedEndpoint::socket[0m
agent fixed-price-agent-ex_1380 connected to router
augmentor frequency-cap-ex has connected
2015-06-05 13:38:38.292 [1;32mZMQ Trace [1;34mconnecting to PostAuctionLoop / PostAuctionLoop[0m
2015-06-05 13:38:38.292 [1;32mZMQ [1;34mconnecting to PostAuctionLoop/events[0m
2015-06-05 13:38:38.293 [1;32mZMQ [1;34mconnected to tcp://127.0.0.1:20000[0m
2015-06-05 13:38:38.294 [1;32mZMQ [1;34mconnecting to agentConfigurationService/listen[0m
2015-06-05 13:38:38.295 [1;32mZMQ [1;34mconnected to tcp://127.0.0.1:19000[0m
got configuration message fixed-price-agent-ex_1380
listening on hostname 0.0.0.0 port 12339
********* calling addSpendAccount for hello:world for SlaveBanker router.slaveBanker
total of 1.00299e+07 microseconds and 210 sleeps
CONFIG                                1        133   0.00%   133.00us/call
HEARTBEAT                            10        168   0.00%    16.80us/call
HELLO                                 1        181   0.00%   181.00us/call
PONG0                                 9        376   0.00%    41.78us/call
PONG1                                 9        122   0.00%    13.56us/call
checkExpiredAuctions                210        329   0.00%     1.57us/call
checks                              220          2   0.00%     0.01us/call
configureAgentOnExchange            221          1   0.00%     0.00us/call
doBid                               221        176   0.00%     0.80us/call
doConfig                            221       1040   0.01%     4.71us/call
doStartBidding                      221          0   0.00%     0.00us/call
doSubmitted                         221          2   0.00%     0.01us/call
logBidEvents                         10        241   0.00%    24.10us/call
sendPings                             9        627   0.01%    69.67us/call
sleep                               210       1237   0.01%     5.89us/call
sleepPoll                           210   10020503  99.91% 47716.68us/call
spinPoll                            221       4763   0.05%    21.55us/call
total of 9.997e+06 microseconds and 210 sleeps
HEARTBEAT                            10        247   0.00%    24.70us/call
PONG0                                10        337   0.00%    33.70us/call
PONG1                                10        146   0.00%    14.60us/call
checkExpiredAuctions                210        291   0.00%     1.39us/call
checks                              220        829   0.01%     3.77us/call
configureAgentOnExchange            220          1   0.00%     0.00us/call
doBid                               220        148   0.00%     0.67us/call
doConfig                            220          0   0.00%     0.00us/call
doStartBidding                      220          2   0.00%     0.01us/call
doSubmitted                         220          0   0.00%     0.00us/call
logBidEvents                         10        190   0.00%    19.00us/call
sendPings                            10        682   0.01%    68.20us/call
sleep                               210       1557   0.02%     7.41us/call
sleepPoll                           210    9987999  99.91% 47561.90us/call
spinPoll                            220       4574   0.05%    20.79us/call
total of 9.99715e+06 microseconds and 208 sleeps
HEARTBEAT                            10        286   0.00%    28.60us/call
PONG0                                10        370   0.00%    37.00us/call
PONG1                                10        164   0.00%    16.40us/call
checkExpiredAuctions                208        306   0.00%     1.47us/call
checks                              220        419   0.00%     1.90us/call
configureAgentOnExchange            220          0   0.00%     0.00us/call
doBid                               220        130   0.00%     0.59us/call
doConfig                            220          1   0.00%     0.00us/call
doStartBidding                      220          0   0.00%     0.00us/call
doSubmitted                         220          0   0.00%     0.00us/call
logBidEvents                         10        751   0.01%    75.10us/call
sendPings                            10        471   0.00%    47.10us/call
sleep                               208        275   0.00%     1.32us/call
sleepPoll                           208    9989037  99.92% 48024.22us/call
spinPoll                            220       4939   0.05%    22.45us/call
total of 1.00467e+07 microseconds and 208 sleeps
HEARTBEAT                            10        249   0.00%    24.90us/call
PONG0                                10        451   0.00%    45.10us/call
PONG1                                10        221   0.00%    22.10us/call
checkExpiredAuctions                208        319   0.00%     1.53us/call
checks                              221        201   0.00%     0.91us/call
configureAgentOnExchange            221         13   0.00%     0.06us/call
doBid                               221        181   0.00%     0.82us/call
doConfig                            221          7   0.00%     0.03us/call
doStartBidding                      221         17   0.00%     0.08us/call
doSubmitted                         221         25   0.00%     0.11us/call
logBidEvents                         10        552   0.01%    55.20us/call
sendPings                            10       1946   0.02%   194.60us/call
sleep                               208       1613   0.02%     7.75us/call
sleepPoll                           208   10034509  99.88% 48242.83us/call
spinPoll                            221       6437   0.06%    29.13us/call
total of 9.99693e+06 microseconds and 214 sleeps
HEARTBEAT                            10        474   0.00%    47.40us/call
PONG0                                 9        389   0.00%    43.22us/call
PONG1                                 9        269   0.00%    29.89us/call
checkExpiredAuctions                214        685   0.01%     3.20us/call
checks                              218        681   0.01%     3.12us/call
configureAgentOnExchange            218          0   0.00%     0.00us/call
doBid                               218        209   0.00%     0.96us/call
doConfig                            218         13   0.00%     0.06us/call
doStartBidding                      218         15   0.00%     0.07us/call
doSubmitted                         218          0   0.00%     0.00us/call
logBidEvents                          9        265   0.00%    29.44us/call
sendPings                             9       1130   0.01%   125.56us/call
sleep                               214       2912   0.03%    13.61us/call
sleepPoll                           214    9983692  99.87% 46652.77us/call
spinPoll                            218       6195   0.06%    28.42us/call
total of 9.99834e+06 microseconds and 208 sleeps
HEARTBEAT                            10        441   0.00%    44.10us/call
PONG0                                10        488   0.00%    48.80us/call
PONG1                                10        139   0.00%    13.90us/call
checkExpiredAuctions                208        264   0.00%     1.27us/call
checks                              220        317   0.00%     1.44us/call
configureAgentOnExchange            220          0   0.00%     0.00us/call
doBid                               220        218   0.00%     0.99us/call
doConfig                            220          0   0.00%     0.00us/call
doStartBidding                      220          1   0.00%     0.00us/call
doSubmitted                         220          0   0.00%     0.00us/call
logBidEvents                         10        229   0.00%    22.90us/call
sendPings                            10       3580   0.04%   358.00us/call
sleep                               208       1956   0.02%     9.40us/call
sleepPoll                           208    9985403  99.87% 48006.75us/call
spinPoll                            220       5305   0.05%    24.11us/call
total of 1.00455e+07 microseconds and 216 sleeps
HEARTBEAT                            10        202   0.00%    20.20us/call
PONG0                                10        324   0.00%    32.40us/call
PONG1                                10        146   0.00%    14.60us/call
checkExpiredAuctions                216        293   0.00%     1.36us/call
checks                              221        759   0.01%     3.43us/call
configureAgentOnExchange            221          0   0.00%     0.00us/call
doBid                               221        188   0.00%     0.85us/call
doConfig                            221          0   0.00%     0.00us/call
doStartBidding                      221          1   0.00%     0.00us/call
doSubmitted                         221          0   0.00%     0.00us/call
logBidEvents                         10        220   0.00%    22.00us/call
sendPings                            10        516   0.01%    51.60us/call
sleep                               216       2904   0.03%    13.44us/call
sleepPoll                           216   10034011  99.89% 46453.75us/call
spinPoll                            221       5950   0.06%    26.92us/call
total of 1.00467e+07 microseconds and 207 sleeps
HEARTBEAT                            10        550   0.01%    55.00us/call
PONG0                                10        564   0.01%    56.40us/call
PONG1                                10        182   0.00%    18.20us/call
checkExpiredAuctions                207        425   0.00%     2.05us/call
checks                              221        508   0.01%     2.30us/call
configureAgentOnExchange            221          0   0.00%     0.00us/call
doBid                               221        162   0.00%     0.73us/call
doConfig                            221          0   0.00%     0.00us/call
doStartBidding                      221          2   0.00%     0.01us/call
doSubmitted                         221         14   0.00%     0.06us/call
logBidEvents                         10        960   0.01%    96.00us/call
sendPings                            10       2229   0.02%   222.90us/call
sleep                               207        792   0.01%     3.83us/call
sleepPoll                           207   10034411  99.88% 48475.42us/call
spinPoll                            221       5947   0.06%    26.91us/call
total of 9.99793e+06 microseconds and 210 sleeps
HEARTBEAT                            10        208   0.00%    20.80us/call
PONG0                                10        372   0.00%    37.20us/call
PONG1                                10        144   0.00%    14.40us/call
checkExpiredAuctions                210        471   0.00%     2.24us/call
checks                              220       4281   0.04%    19.46us/call
configureAgentOnExchange            220          6   0.00%     0.03us/call
doBid                               220        177   0.00%     0.80us/call
doConfig                            220          0   0.00%     0.00us/call
doStartBidding                      220         13   0.00%     0.06us/call
doSubmitted                         220          0   0.00%     0.00us/call
logBidEvents                         10        236   0.00%    23.60us/call
sendPings                            10        981   0.01%    98.10us/call
sleep                               210       1726   0.02%     8.22us/call
sleepPoll                           210    9984338  99.86% 47544.47us/call
spinPoll                            220       4977   0.05%    22.62us/call
total of 1.0046e+07 microseconds and 211 sleeps
HEARTBEAT                            10        189   0.00%    18.90us/call
PONG0                                 9        441   0.00%    49.00us/call
PONG1                                 9        209   0.00%    23.22us/call
checkExpiredAuctions                211        278   0.00%     1.32us/call
checks                              219        863   0.01%     3.94us/call
configureAgentOnExchange            219         13   0.00%     0.06us/call
doBid                               219        212   0.00%     0.97us/call
doConfig                            219          0   0.00%     0.00us/call
doStartBidding                      219         14   0.00%     0.06us/call
doSubmitted                         219          4   0.00%     0.02us/call
logBidEvents                          9        396   0.00%    44.00us/call
sendPings                             9        473   0.00%    52.56us/call
sleep                               211       1361   0.01%     6.45us/call
sleepPoll                           211   10036848  99.91% 47568.00us/call
spinPoll                            219       4661   0.05%    21.28us/call
total of 9.99731e+06 microseconds and 215 sleeps
HEARTBEAT                            10        167   0.00%    16.70us/call
PONG0                                10        444   0.00%    44.40us/call
PONG1                                10        172   0.00%    17.20us/call
checkExpiredAuctions                215        329   0.00%     1.53us/call
checks                              220       1516   0.02%     6.89us/call
configureAgentOnExchange            220         13   0.00%     0.06us/call
doBid                               220        224   0.00%     1.02us/call
doConfig                            220         12   0.00%     0.05us/call
doStartBidding                      220         15   0.00%     0.07us/call
doSubmitted                         220          0   0.00%     0.00us/call
logBidEvents                         10        430   0.00%    43.00us/call
sendPings                            10        413   0.00%    41.30us/call
sleep                               215       3515   0.04%    16.35us/call
sleepPoll                           215    9985071  99.88% 46442.19us/call
spinPoll                            220       4987   0.05%    22.67us/call
total of 9.99691e+06 microseconds and 214 sleeps
HEARTBEAT                            10        209   0.00%    20.90us/call
PONG0                                10        338   0.00%    33.80us/call
PONG1                                10        172   0.00%    17.20us/call
checkExpiredAuctions                214        321   0.00%     1.50us/call
checks                              220       1809   0.02%     8.22us/call
configureAgentOnExchange            220          0   0.00%     0.00us/call
doBid                               220        287   0.00%     1.30us/call
doConfig                            220          0   0.00%     0.00us/call
doStartBidding                      220          1   0.00%     0.00us/call
doSubmitted                         220          0   0.00%     0.00us/call
logBidEvents                         10        243   0.00%    24.30us/call
sendPings                            10        552   0.01%    55.20us/call
sleep                               214       2854   0.03%    13.34us/call
sleepPoll                           214    9984883  99.88% 46658.33us/call
spinPoll                            220       5243   0.05%    23.83us/call
total of 9.99746e+06 microseconds and 217 sleeps
HEARTBEAT                            10        156   0.00%    15.60us/call
PONG0                                10        389   0.00%    38.90us/call
PONG1                                10        162   0.00%    16.20us/call
checkExpiredAuctions                217        300   0.00%     1.38us/call
checks                              220        268   0.00%     1.22us/call
configureAgentOnExchange            220          0   0.00%     0.00us/call
doBid                               220        186   0.00%     0.85us/call
doConfig                            220          0   0.00%     0.00us/call
doStartBidding                      220          1   0.00%     0.00us/call
doSubmitted                         220          4   0.00%     0.02us/call
logBidEvents                         10        287   0.00%    28.70us/call
sendPings                            10        477   0.00%    47.70us/call
sleep                               217       3505   0.04%    16.15us/call
sleepPoll                           217    9986022  99.89% 46018.53us/call
spinPoll                            220       5706   0.06%    25.94us/call
total of 1.00462e+07 microseconds and 211 sleeps
HEARTBEAT                            10        152   0.00%    15.20us/call
PONG0                                 9        374   0.00%    41.56us/call
PONG1                                 9        142   0.00%    15.78us/call
checkExpiredAuctions                211        320   0.00%     1.52us/call
checks                              219        564   0.01%     2.58us/call
configureAgentOnExchange            219          0   0.00%     0.00us/call
doBid                               219        167   0.00%     0.76us/call
doConfig                            219          0   0.00%     0.00us/call
doStartBidding                      219         15   0.00%     0.07us/call
doSubmitted                         219          0   0.00%     0.00us/call
logBidEvents                          9        211   0.00%    23.44us/call
sendPings                             9        561   0.01%    62.33us/call
sleep                               211        970   0.01%     4.60us/call
sleepPoll                           211   10037501  99.91% 47571.09us/call
spinPoll                            219       5175   0.05%    23.63us/call
total of 1.00469e+07 microseconds and 209 sleeps
HEARTBEAT                            10        165   0.00%    16.50us/call
PONG0                                10        400   0.00%    40.00us/call
PONG1                                10        150   0.00%    15.00us/call
checkExpiredAuctions                209        335   0.00%     1.60us/call
checks                              221        577   0.01%     2.61us/call
configureAgentOnExchange            221          1   0.00%     0.00us/call
doBid                               221        174   0.00%     0.79us/call
doConfig                            221          2   0.00%     0.01us/call
doStartBidding                      221          2   0.00%     0.01us/call
doSubmitted                         221          0   0.00%     0.00us/call
logBidEvents                         10        756   0.01%    75.60us/call
sendPings                            10        875   0.01%    87.50us/call
sleep                               209        457   0.00%     2.19us/call
sleepPoll                           209   10037579  99.91% 48026.69us/call
spinPoll                            221       5417   0.05%    24.51us/call
total of 9.99718e+06 microseconds and 210 sleeps
HEARTBEAT                            10        155   0.00%    15.50us/call
PONG0                                10        444   0.00%    44.40us/call
PONG1                                10        165   0.00%    16.50us/call
checkExpiredAuctions                210        346   0.00%     1.65us/call
checks                              220        393   0.00%     1.79us/call
configureAgentOnExchange            220          1   0.00%     0.00us/call
doBid                               220        172   0.00%     0.78us/call
doConfig                            220          0   0.00%     0.00us/call
doStartBidding                      220         15   0.00%     0.07us/call
doSubmitted                         220          0   0.00%     0.00us/call
logBidEvents                         10        284   0.00%    28.40us/call
sendPings                            10        637   0.01%    63.70us/call
sleep                               210        273   0.00%     1.30us/call
sleepPoll                           210    9988580  99.91% 47564.67us/call
spinPoll                            220       5710   0.06%    25.95us/call
total of 9.99768e+06 microseconds and 210 sleeps
HEARTBEAT                            10        246   0.00%    24.60us/call
PONG0                                10        325   0.00%    32.50us/call
PONG1                                10        181   0.00%    18.10us/call
checkExpiredAuctions                210        315   0.00%     1.50us/call
checks                              220        623   0.01%     2.83us/call
configureAgentOnExchange            220          0   0.00%     0.00us/call
doBid                               220        148   0.00%     0.67us/call
doConfig                            220          0   0.00%     0.00us/call
doStartBidding                      220          3   0.00%     0.01us/call
doSubmitted                         220          0   0.00%     0.00us/call
logBidEvents                         10        259   0.00%    25.90us/call
sendPings                            10        573   0.01%    57.30us/call
sleep                               210       1816   0.02%     8.65us/call
sleepPoll                           210    9988155  99.90% 47562.64us/call
spinPoll                            220       5037   0.05%    22.90us/call
total of 1.00466e+07 microseconds and 210 sleeps
HEARTBEAT                            10        256   0.00%    25.60us/call
PONG0                                 9        330   0.00%    36.67us/call
PONG1                                 9        127   0.00%    14.11us/call
checkExpiredAuctions                210        303   0.00%     1.44us/call
checks                              219        558   0.01%     2.55us/call
configureAgentOnExchange            219          0   0.00%     0.00us/call
doBid                               219        181   0.00%     0.83us/call
doConfig                            219          0   0.00%     0.00us/call
doStartBidding                      219          1   0.00%     0.00us/call
doSubmitted                         219          0   0.00%     0.00us/call
logBidEvents                          9        302   0.00%    33.56us/call
sendPings                             9        601   0.01%    66.78us/call
sleep                               210        637   0.01%     3.03us/call
sleepPoll                           210   10037615  99.91% 47798.17us/call
spinPoll                            219       5729   0.06%    26.16us/call
total of 1.00462e+07 microseconds and 213 sleeps
HEARTBEAT                            10        212   0.00%    21.20us/call
PONG0                                10        575   0.01%    57.50us/call
PONG1                                10        199   0.00%    19.90us/call
checkExpiredAuctions                213        408   0.00%     1.92us/call
checks                              221        546   0.01%     2.47us/call
configureAgentOnExchange            221          0   0.00%     0.00us/call
doBid                               221        176   0.00%     0.80us/call
doConfig                            221          0   0.00%     0.00us/call
doStartBidding                      221          1   0.00%     0.00us/call
doSubmitted                         221         13   0.00%     0.06us/call
logBidEvents                         10        263   0.00%    26.30us/call
sendPings                            10       1131   0.01%   113.10us/call
sleep                               213       2148   0.02%    10.08us/call
sleepPoll                           213   10034759  99.89% 47111.54us/call
spinPoll                            221       5720   0.06%    25.88us/call
total of 9.99827e+06 microseconds and 212 sleeps
HEARTBEAT                            10        301   0.00%    30.10us/call
PONG0                                10        402   0.00%    40.20us/call
PONG1                                10        144   0.00%    14.40us/call
checkExpiredAuctions                212        313   0.00%     1.48us/call
checks                              220       3040   0.03%    13.82us/call
configureAgentOnExchange            220          1   0.00%     0.00us/call
doBid                               220        171   0.00%     0.78us/call
doConfig                            220          0   0.00%     0.00us/call
doStartBidding                      220          2   0.00%     0.01us/call
doSubmitted                         220          0   0.00%     0.00us/call
logBidEvents                         10        415   0.00%    41.50us/call
sendPings                            10        753   0.01%    75.30us/call
sleep                               212       2816   0.03%    13.28us/call
sleepPoll                           212    9985012  99.87% 47099.11us/call
spinPoll                            220       4900   0.05%    22.27us/call
total of 1.00465e+07 microseconds and 210 sleeps
HEARTBEAT                            10        183   0.00%    18.30us/call
PONG0                                10        511   0.01%    51.10us/call
PONG1                                10        149   0.00%    14.90us/call
checkExpiredAuctions                210       1108   0.01%     5.28us/call
checks                              221       4414   0.04%    19.97us/call
configureAgentOnExchange            221          0   0.00%     0.00us/call
doBid                               221        167   0.00%     0.76us/call
doConfig                            221          0   0.00%     0.00us/call
doStartBidding                      221          2   0.00%     0.01us/call
doSubmitted                         221          0   0.00%     0.00us/call
logBidEvents                         10        478   0.00%    47.80us/call
sendPings                            10        648   0.01%    64.80us/call
sleep                               210       1014   0.01%     4.83us/call
sleepPoll                           210   10031380  99.85% 47768.48us/call
spinPoll                            221       6443   0.06%    29.15us/call
total of 1.0046e+07 microseconds and 210 sleeps
HEARTBEAT                            10        274   0.00%    27.40us/call
PONG0                                 9        371   0.00%    41.22us/call
PONG1                                 9        157   0.00%    17.44us/call
checkExpiredAuctions                210        464   0.00%     2.21us/call
checks                              219       2017   0.02%     9.21us/call
configureAgentOnExchange            219          0   0.00%     0.00us/call
doBid                               219        192   0.00%     0.88us/call
doConfig                            219          0   0.00%     0.00us/call
doStartBidding                      219          3   0.00%     0.01us/call
doSubmitted                         219         12   0.00%     0.05us/call
logBidEvents                          9        868   0.01%    96.44us/call
sendPings                             9       1189   0.01%   132.11us/call
sleep                               210        848   0.01%     4.04us/call
sleepPoll                           210   10033677  99.88% 47779.41us/call
spinPoll                            219       5957   0.06%    27.20us/call
total of 9.99681e+06 microseconds and 209 sleeps
HEARTBEAT                            10        170   0.00%    17.00us/call
PONG0                                10        436   0.00%    43.60us/call
PONG1                                10        158   0.00%    15.80us/call
checkExpiredAuctions                209        382   0.00%     1.83us/call
checks                              220        280   0.00%     1.27us/call
configureAgentOnExchange            220         13   0.00%     0.06us/call
doBid                               220        197   0.00%     0.90us/call
doConfig                            220         48   0.00%     0.22us/call
doStartBidding                      220          0   0.00%     0.00us/call
doSubmitted                         220          1   0.00%     0.00us/call
logBidEvents                         10        250   0.00%    25.00us/call
sendPings                            10       1118   0.01%   111.80us/call
sleep                               209       1696   0.02%     8.11us/call
sleepPoll                           209    9985159  99.88% 47775.88us/call
spinPoll                            220       6899   0.07%    31.36us/call
total of 9.99758e+06 microseconds and 208 sleeps
HEARTBEAT                            10        195   0.00%    19.50us/call
PONG0                                10        711   0.01%    71.10us/call
PONG1                                10        152   0.00%    15.20us/call
checkExpiredAuctions                208        350   0.00%     1.68us/call
checks                              220       1236   0.01%     5.62us/call
configureAgentOnExchange            220          0   0.00%     0.00us/call
doBid                               220        241   0.00%     1.10us/call
doConfig                            220          1   0.00%     0.00us/call
doStartBidding                      220          1   0.00%     0.00us/call
doSubmitted                         220          0   0.00%     0.00us/call
logBidEvents                         10       1117   0.01%   111.70us/call
sendPings                            10       1119   0.01%   111.90us/call
sleep                               208        699   0.01%     3.36us/call
sleepPoll                           208    9985696  99.88% 48008.15us/call
spinPoll                            220       6064   0.06%    27.56us/call
total of 1.00466e+07 microseconds and 208 sleeps
HEARTBEAT                            10        195   0.00%    19.50us/call
PONG0                                10        387   0.00%    38.70us/call
PONG1                                10        149   0.00%    14.90us/call
checkExpiredAuctions                208        411   0.00%     1.98us/call
checks                              221        920   0.01%     4.16us/call
configureAgentOnExchange            221         13   0.00%     0.06us/call
doBid                               221        219   0.00%     0.99us/call
doConfig                            221          0   0.00%     0.00us/call
doStartBidding                      221          0   0.00%     0.00us/call
doSubmitted                         221         13   0.00%     0.06us/call
logBidEvents                         10       1300   0.01%   130.00us/call
sendPings                            10        950   0.01%    95.00us/call
sleep                               208       1299   0.01%     6.25us/call
sleepPoll                           208   10033179  99.87% 48236.44us/call
spinPoll                            221       7551   0.08%    34.17us/call
total of 1.0046e+07 microseconds and 209 sleeps
HEARTBEAT                            10        272   0.00%    27.20us/call
PONG0                                 9        340   0.00%    37.78us/call
PONG1                                 9        226   0.00%    25.11us/call
checkExpiredAuctions                209        324   0.00%     1.55us/call
checks                              219       1023   0.01%     4.67us/call
configureAgentOnExchange            219         12   0.00%     0.05us/call
doBid                               219        182   0.00%     0.83us/call
doConfig                            219          0   0.00%     0.00us/call
doStartBidding                      219         29   0.00%     0.13us/call
doSubmitted                         219          0   0.00%     0.00us/call
logBidEvents                          9        834   0.01%    92.67us/call
sendPings                             9       1291   0.01%   143.44us/call
sleep                               209        745   0.01%     3.56us/call
sleepPoll                           209   10035210  99.89% 48015.36us/call
spinPoll                            219       5548   0.06%    25.33us/call
total of 9.99747e+06 microseconds and 212 sleeps
HEARTBEAT                            10        148   0.00%    14.80us/call
PONG0                                10        534   0.01%    53.40us/call
PONG1                                10        349   0.00%    34.90us/call
checkExpiredAuctions                212        426   0.00%     2.01us/call
checks                              220        359   0.00%     1.63us/call
configureAgentOnExchange            220          0   0.00%     0.00us/call
doBid                               220        183   0.00%     0.83us/call
doConfig                            220          0   0.00%     0.00us/call
doStartBidding                      220          0   0.00%     0.00us/call
doSubmitted                         220          0   0.00%     0.00us/call
logBidEvents                         10        258   0.00%    25.80us/call
sendPings                            10       1501   0.02%   150.10us/call
sleep                               212       1928   0.02%     9.09us/call
sleepPoll                           212    9985811  99.88% 47102.88us/call
spinPoll                            220       5977   0.06%    27.17us/call
total of 9.99721e+06 microseconds and 218 sleeps
HEARTBEAT                            10        194   0.00%    19.40us/call
PONG0                                10        351   0.00%    35.10us/call
PONG1                                10        306   0.00%    30.60us/call
checkExpiredAuctions                218        431   0.00%     1.98us/call
checks                              220        536   0.01%     2.44us/call
configureAgentOnExchange            220          4   0.00%     0.02us/call
doBid                               220        182   0.00%     0.83us/call
doConfig                            220          1   0.00%     0.00us/call
doStartBidding                      220         15   0.00%     0.07us/call
doSubmitted                         220         14   0.00%     0.06us/call
logBidEvents                         10        381   0.00%    38.10us/call
sendPings                            10        625   0.01%    62.50us/call
sleep                               218       4072   0.04%    18.68us/call
sleepPoll                           218    9984406  99.87% 45800.03us/call
spinPoll                            220       5692   0.06%    25.87us/call
total of 1.00468e+07 microseconds and 215 sleeps
HEARTBEAT                            10        236   0.00%    23.60us/call
PONG0                                10        348   0.00%    34.80us/call
PONG1                                10        189   0.00%    18.90us/call
checkExpiredAuctions                215        521   0.01%     2.42us/call
checks                              221        396   0.00%     1.79us/call
configureAgentOnExchange            221          0   0.00%     0.00us/call
doBid                               221        197   0.00%     0.89us/call
doConfig                            221          0   0.00%     0.00us/call
doStartBidding                      221         15   0.00%     0.07us/call
doSubmitted                         221          0   0.00%     0.00us/call
logBidEvents                         10        260   0.00%    26.00us/call
sendPings                            10        569   0.01%    56.90us/call
sleep                               215       2177   0.02%    10.13us/call
sleepPoll                           215   10036374  99.90% 46680.81us/call
spinPoll                            221       5487   0.05%    24.83us/call
total of 1.00467e+07 microseconds and 219 sleeps
HEARTBEAT                            10        183   0.00%    18.30us/call
PONG0                                10        425   0.00%    42.50us/call
PONG1                                10        216   0.00%    21.60us/call
checkExpiredAuctions                219        319   0.00%     1.46us/call
checks                              221        724   0.01%     3.28us/call
configureAgentOnExchange            221          0   0.00%     0.00us/call
doBid                               221        193   0.00%     0.87us/call
doConfig                            221          0   0.00%     0.00us/call
doStartBidding                      221          2   0.00%     0.01us/call
doSubmitted                         221         13   0.00%     0.06us/call
logBidEvents                         10        273   0.00%    27.30us/call
sendPings                            10       1366   0.01%   136.60us/call
sleep                               219       4247   0.04%    19.39us/call
sleepPoll                           219   10032860  99.86% 45812.15us/call
spinPoll                            221       5920   0.06%    26.79us/call
total of 1.00459e+07 microseconds and 210 sleeps
HEARTBEAT                            10        174   0.00%    17.40us/call
PONG0                                 9        468   0.00%    52.00us/call
PONG1                                 9        154   0.00%    17.11us/call
checkExpiredAuctions                210        928   0.01%     4.42us/call
checks                              219        630   0.01%     2.88us/call
configureAgentOnExchange            219         30   0.00%     0.14us/call
doBid                               219        195   0.00%     0.89us/call
doConfig                            219         12   0.00%     0.05us/call
doStartBidding                      219          2   0.00%     0.01us/call
doSubmitted                         219          0   0.00%     0.00us/call
logBidEvents                          9       1039   0.01%   115.44us/call
sendPings                             9       1311   0.01%   145.67us/call
sleep                               210       1809   0.02%     8.61us/call
sleepPoll                           210   10032190  99.86% 47772.33us/call
spinPoll                            219       6923   0.07%    31.61us/call
total of 9.99752e+06 microseconds and 214 sleeps
HEARTBEAT                            10        281   0.00%    28.10us/call
PONG0                                10        341   0.00%    34.10us/call
PONG1                                10        245   0.00%    24.50us/call
checkExpiredAuctions                214        476   0.00%     2.22us/call
checks                              220        588   0.01%     2.67us/call
configureAgentOnExchange            220          0   0.00%     0.00us/call
doBid                               220        207   0.00%     0.94us/call
doConfig                            220          0   0.00%     0.00us/call
doStartBidding                      220         26   0.00%     0.12us/call
doSubmitted                         220         13   0.00%     0.06us/call
logBidEvents                         10        434   0.00%    43.40us/call
sendPings                            10        656   0.01%    65.60us/call
sleep                               214       2641   0.03%    12.34us/call
sleepPoll                           214    9985302  99.88% 46660.29us/call
spinPoll                            220       6310   0.06%    28.68us/call
total of 9.99681e+06 microseconds and 209 sleeps
HEARTBEAT                            10        310   0.00%    31.00us/call
PONG0                                10        338   0.00%    33.80us/call
PONG1                                10        177   0.00%    17.70us/call
checkExpiredAuctions                209        405   0.00%     1.94us/call
checks                              220        648   0.01%     2.95us/call
configureAgentOnExchange            220          2   0.00%     0.01us/call
doBid                               220        162   0.00%     0.74us/call
doConfig                            220         61   0.00%     0.28us/call
doStartBidding                      220          1   0.00%     0.00us/call
doSubmitted                         220         72   0.00%     0.33us/call
logBidEvents                         10        814   0.01%    81.40us/call
sendPings                            10        663   0.01%    66.30us/call
sleep                               209       1166   0.01%     5.58us/call
sleepPoll                           209    9986341  99.90% 47781.54us/call
spinPoll                            220       5646   0.06%    25.66us/call
total of 9.99676e+06 microseconds and 206 sleeps
HEARTBEAT                            10        469   0.00%    46.90us/call
PONG0                                10        933   0.01%    93.30us/call
PONG1                                10        205   0.00%    20.50us/call
checkExpiredAuctions                206        348   0.00%     1.69us/call
checks                              220       1573   0.02%     7.15us/call
configureAgentOnExchange            220          2   0.00%     0.01us/call
doBid                               220        174   0.00%     0.79us/call
doConfig                            220          0   0.00%     0.00us/call
doStartBidding                      220          4   0.00%     0.02us/call
doSubmitted                         220          0   0.00%     0.00us/call
logBidEvents                         10       1537   0.02%   153.70us/call
sendPings                            10       1635   0.02%   163.50us/call
sleep                               206       1654   0.02%     8.03us/call
sleepPoll                           206    9982188  99.85% 48457.22us/call
spinPoll                            220       6034   0.06%    27.43us/call
total of 1.00449e+07 microseconds and 211 sleeps
HEARTBEAT                            10        271   0.00%    27.10us/call
PONG0                                 9        358   0.00%    39.78us/call
PONG1                                 9        140   0.00%    15.56us/call
checkExpiredAuctions                211        291   0.00%     1.38us/call
checks                              219       1495   0.01%     6.83us/call
configureAgentOnExchange            219          0   0.00%     0.00us/call
doBid                               219        149   0.00%     0.68us/call
doConfig                            219         13   0.00%     0.06us/call
doStartBidding                      219         13   0.00%     0.06us/call
doSubmitted                         219          2   0.00%     0.01us/call
logBidEvents                          9        264   0.00%    29.33us/call
sendPings                             9        521   0.01%    57.89us/call
sleep                               211       1537   0.02%     7.28us/call
sleepPoll                           211   10034927  99.90% 47558.90us/call
spinPoll                            219       4909   0.05%    22.42us/call
total of 9.99824e+06 microseconds and 214 sleeps
HEARTBEAT                            10        207   0.00%    20.70us/call
PONG0                                10        444   0.00%    44.40us/call
PONG1                                10        166   0.00%    16.60us/call
checkExpiredAuctions                214        456   0.00%     2.13us/call
checks                              220        379   0.00%     1.72us/call
configureAgentOnExchange            220         12   0.00%     0.05us/call
doBid                               220        233   0.00%     1.06us/call
doConfig                            220          0   0.00%     0.00us/call
doStartBidding                      220          1   0.00%     0.00us/call
doSubmitted                         220          0   0.00%     0.00us/call
logBidEvents                         10        699   0.01%    69.90us/call
sendPings                            10        873   0.01%    87.30us/call
sleep                               214       3193   0.03%    14.92us/call
sleepPoll                           214    9985905  99.88% 46663.11us/call
spinPoll                            220       5676   0.06%    25.80us/call
total of 9.99682e+06 microseconds and 209 sleeps
HEARTBEAT                            10        249   0.00%    24.90us/call
PONG0                                10        392   0.00%    39.20us/call
PONG1                                10        187   0.00%    18.70us/call
checkExpiredAuctions                209        407   0.00%     1.95us/call
checks                              220       3672   0.04%    16.69us/call
configureAgentOnExchange            220          2   0.00%     0.01us/call
doBid                               220        172   0.00%     0.78us/call
doConfig                            220          0   0.00%     0.00us/call
doStartBidding                      220         12   0.00%     0.05us/call
doSubmitted                         220          0   0.00%     0.00us/call
logBidEvents                         10        806   0.01%    80.60us/call
sendPings                            10        896   0.01%    89.60us/call
sleep                               209       1348   0.01%     6.45us/call
sleepPoll                           209    9982325  99.86% 47762.32us/call
spinPoll                            220       6347   0.06%    28.85us/call
total of 9.99768e+06 microseconds and 216 sleeps
HEARTBEAT                            10        202   0.00%    20.20us/call
PONG0                                10        363   0.00%    36.30us/call
PONG1                                10        191   0.00%    19.10us/call
checkExpiredAuctions                216        302   0.00%     1.40us/call
checks                              220        742   0.01%     3.37us/call
configureAgentOnExchange            220          1   0.00%     0.00us/call
doBid                               220        167   0.00%     0.76us/call
doConfig                            220          0   0.00%     0.00us/call
doStartBidding                      220         14   0.00%     0.06us/call
doSubmitted                         220          0   0.00%     0.00us/call
logBidEvents                         10        230   0.00%    23.00us/call
sendPings                            10        533   0.01%    53.30us/call
sleep                               216       3217   0.03%    14.89us/call
sleepPoll                           216    9986303  99.89% 46232.88us/call
spinPoll                            220       5420   0.05%    24.64us/call
total of 1.00455e+07 microseconds and 213 sleeps
HEARTBEAT                            10        219   0.00%    21.90us/call
PONG0                                 9        367   0.00%    40.78us/call
PONG1                                 9        154   0.00%    17.11us/call
checkExpiredAuctions                213        307   0.00%     1.44us/call
checks                              219        443   0.00%     2.02us/call
configureAgentOnExchange            219         12   0.00%     0.05us/call
doBid                               219        191   0.00%     0.87us/call
doConfig                            219          0   0.00%     0.00us/call
doStartBidding                      219          1   0.00%     0.00us/call
doSubmitted                         219          0   0.00%     0.00us/call
logBidEvents                          9        305   0.00%    33.89us/call
sendPings                            10       1037   0.01%   103.70us/call
sleep                               213       1691   0.02%     7.94us/call
sleepPoll                           213   10034768  99.89% 47111.59us/call
spinPoll                            219       6051   0.06%    27.63us/call
